<?xml version="1.0" encoding="UTF-8" standalone="yes"?><!DOCTYPE report PUBLIC "-//JACOCO//DTD Report 1.1//EN" "report.dtd"><report name="Apache Commons CSV"><sessioninfo id="xxxxs-MacBook-Pro.local-dad51488" start="1714469986735" dump="1714469990752"/><package name="org/apache/commons/csv"><class name="org/apache/commons/csv/Constants" sourcefilename="Constants.java"><method name="&lt;clinit&gt;" desc="()V" line="41"><counter type="INSTRUCTION" missed="0" covered="7"/><counter type="LINE" missed="0" covered="2"/><counter type="COMPLEXITY" missed="0" covered="1"/><counter type="METHOD" missed="0" covered="1"/></method><counter type="INSTRUCTION" missed="0" covered="7"/><counter type="LINE" missed="0" covered="2"/><counter type="COMPLEXITY" missed="0" covered="1"/><counter type="METHOD" missed="0" covered="1"/><counter type="CLASS" missed="0" covered="1"/></class><class name="org/apache/commons/csv/ExtendedBufferedReader" sourcefilename="ExtendedBufferedReader.java"><method name="&lt;init&gt;" desc="(Ljava/io/Reader;)V" line="39"><counter type="INSTRUCTION" missed="0" covered="7"/><counter type="LINE" missed="0" covered="3"/><counter type="COMPLEXITY" missed="0" covered="1"/><counter type="METHOD" missed="0" covered="1"/></method><method name="close" desc="()V" line="65"><counter type="INSTRUCTION" missed="0" covered="9"/><counter type="LINE" missed="0" covered="4"/><counter type="COMPLEXITY" missed="0" covered="1"/><counter type="METHOD" missed="0" covered="1"/></method><method name="getCurrentLineNumber" desc="()J" line="77"><counter type="INSTRUCTION" missed="0" covered="24"/><counter type="BRANCH" missed="0" covered="8"/><counter type="LINE" missed="0" covered="3"/><counter type="COMPLEXITY" missed="0" covered="5"/><counter type="METHOD" missed="0" covered="1"/></method><method name="getLastChar" desc="()I" line="92"><counter type="INSTRUCTION" missed="0" covered="3"/><counter type="LINE" missed="0" covered="1"/><counter type="COMPLEXITY" missed="0" covered="1"/><counter type="METHOD" missed="0" covered="1"/></method><method name="getPosition" desc="()J" line="101"><counter type="INSTRUCTION" missed="0" covered="3"/><counter type="LINE" missed="0" covered="1"/><counter type="COMPLEXITY" missed="0" covered="1"/><counter type="METHOD" missed="0" covered="1"/></method><method name="isClosed" desc="()Z" line="105"><counter type="INSTRUCTION" missed="0" covered="3"/><counter type="LINE" missed="0" covered="1"/><counter type="COMPLEXITY" missed="0" covered="1"/><counter type="METHOD" missed="0" covered="1"/></method><method name="lookAhead" desc="()I" line="118"><counter type="INSTRUCTION" missed="0" covered="10"/><counter type="LINE" missed="0" covered="4"/><counter type="COMPLEXITY" missed="0" covered="1"/><counter type="METHOD" missed="0" covered="1"/></method><method name="lookAhead" desc="([C)[C" line="135"><counter type="INSTRUCTION" missed="0" covered="16"/><counter type="LINE" missed="0" covered="5"/><counter type="COMPLEXITY" missed="0" covered="1"/><counter type="METHOD" missed="0" covered="1"/></method><method name="read" desc="()I" line="144"><counter type="INSTRUCTION" missed="0" covered="46"/><counter type="BRANCH" missed="1" covered="13"/><counter type="LINE" missed="0" covered="6"/><counter type="COMPLEXITY" missed="1" covered="7"/><counter type="METHOD" missed="0" covered="1"/></method><method name="read" desc="([CII)I" line="156"><counter type="INSTRUCTION" missed="0" covered="82"/><counter type="BRANCH" missed="1" covered="15"/><counter type="LINE" missed="0" covered="16"/><counter type="COMPLEXITY" missed="1" covered="8"/><counter type="METHOD" missed="0" covered="1"/></method><method name="readLine" desc="()Ljava/lang/String;" line="193"><counter type="INSTRUCTION" missed="0" covered="44"/><counter type="BRANCH" missed="0" covered="12"/><counter type="LINE" missed="0" covered="13"/><counter type="COMPLEXITY" missed="0" covered="7"/><counter type="METHOD" missed="0" covered="1"/></method><counter type="INSTRUCTION" missed="0" covered="247"/><counter type="BRANCH" missed="2" covered="48"/><counter type="LINE" missed="0" covered="57"/><counter type="COMPLEXITY" missed="2" covered="34"/><counter type="METHOD" missed="0" covered="11"/><counter type="CLASS" missed="0" covered="1"/></class><class name="org/apache/commons/csv/CSVFormat$Builder" sourcefilename="CSVFormat.java"><method name="create" desc="()Lorg/apache/commons/csv/CSVFormat$Builder;" line="206"><counter type="INSTRUCTION" missed="0" covered="5"/><counter type="LINE" missed="0" covered="1"/><counter type="COMPLEXITY" missed="0" covered="1"/><counter type="METHOD" missed="0" covered="1"/></method><method name="create" desc="(Lorg/apache/commons/csv/CSVFormat;)Lorg/apache/commons/csv/CSVFormat$Builder;" line="216"><counter type="INSTRUCTION" missed="0" covered="5"/><counter type="LINE" missed="0" covered="1"/><counter type="COMPLEXITY" missed="0" covered="1"/><counter type="METHOD" missed="0" covered="1"/></method><method name="&lt;init&gt;" desc="(Lorg/apache/commons/csv/CSVFormat;)V" line="261"><counter type="INSTRUCTION" missed="0" covered="87"/><counter type="LINE" missed="0" covered="23"/><counter type="COMPLEXITY" missed="0" covered="1"/><counter type="METHOD" missed="0" covered="1"/></method><method name="build" desc="()Lorg/apache/commons/csv/CSVFormat;" line="291"><counter type="INSTRUCTION" missed="0" covered="6"/><counter type="LINE" missed="0" covered="1"/><counter type="COMPLEXITY" missed="0" covered="1"/><counter type="METHOD" missed="0" covered="1"/></method><method name="setAllowDuplicateHeaderNames" desc="(Z)Lorg/apache/commons/csv/CSVFormat$Builder;" line="303"><counter type="INSTRUCTION" missed="0" covered="10"/><counter type="BRANCH" missed="0" covered="2"/><counter type="LINE" missed="0" covered="2"/><counter type="COMPLEXITY" missed="0" covered="2"/><counter type="METHOD" missed="0" covered="1"/></method><method name="setAllowMissingColumnNames" desc="(Z)Lorg/apache/commons/csv/CSVFormat$Builder;" line="316"><counter type="INSTRUCTION" missed="0" covered="5"/><counter type="LINE" missed="0" covered="2"/><counter type="COMPLEXITY" missed="0" covered="1"/><counter type="METHOD" missed="0" covered="1"/></method><method name="setAutoFlush" desc="(Z)Lorg/apache/commons/csv/CSVFormat$Builder;" line="327"><counter type="INSTRUCTION" missed="0" covered="5"/><counter type="LINE" missed="0" covered="2"/><counter type="COMPLEXITY" missed="0" covered="1"/><counter type="METHOD" missed="0" covered="1"/></method><method name="setCommentMarker" desc="(C)Lorg/apache/commons/csv/CSVFormat$Builder;" line="366"><counter type="INSTRUCTION" missed="0" covered="7"/><counter type="LINE" missed="0" covered="2"/><counter type="COMPLEXITY" missed="0" covered="1"/><counter type="METHOD" missed="0" covered="1"/></method><method name="setCommentMarker" desc="(Ljava/lang/Character;)Lorg/apache/commons/csv/CSVFormat$Builder;" line="405"><counter type="INSTRUCTION" missed="0" covered="13"/><counter type="BRANCH" missed="0" covered="2"/><counter type="LINE" missed="0" covered="4"/><counter type="COMPLEXITY" missed="0" covered="2"/><counter type="METHOD" missed="0" covered="1"/></method><method name="setDelimiter" desc="(C)Lorg/apache/commons/csv/CSVFormat$Builder;" line="419"><counter type="INSTRUCTION" missed="0" covered="5"/><counter type="LINE" missed="0" covered="1"/><counter type="COMPLEXITY" missed="0" covered="1"/><counter type="METHOD" missed="0" covered="1"/></method><method name="setDelimiter" desc="(Ljava/lang/String;)Lorg/apache/commons/csv/CSVFormat$Builder;" line="429"><counter type="INSTRUCTION" missed="0" covered="21"/><counter type="BRANCH" missed="0" covered="4"/><counter type="LINE" missed="0" covered="6"/><counter type="COMPLEXITY" missed="0" covered="3"/><counter type="METHOD" missed="0" covered="1"/></method><method name="setDuplicateHeaderMode" desc="(Lorg/apache/commons/csv/DuplicateHeaderMode;)Lorg/apache/commons/csv/CSVFormat$Builder;" line="447"><counter type="INSTRUCTION" missed="0" covered="8"/><counter type="LINE" missed="0" covered="2"/><counter type="COMPLEXITY" missed="0" covered="1"/><counter type="METHOD" missed="0" covered="1"/></method><method name="setEscape" desc="(C)Lorg/apache/commons/csv/CSVFormat$Builder;" line="459"><counter type="INSTRUCTION" missed="0" covered="7"/><counter type="LINE" missed="0" covered="2"/><counter type="COMPLEXITY" missed="0" covered="1"/><counter type="METHOD" missed="0" covered="1"/></method><method name="setEscape" desc="(Ljava/lang/Character;)Lorg/apache/commons/csv/CSVFormat$Builder;" line="471"><counter type="INSTRUCTION" missed="0" covered="13"/><counter type="BRANCH" missed="0" covered="2"/><counter type="LINE" missed="0" covered="4"/><counter type="COMPLEXITY" missed="0" covered="2"/><counter type="METHOD" missed="0" covered="1"/></method><method name="setHeader" desc="(Ljava/lang/Class;)Lorg/apache/commons/csv/CSVFormat$Builder;" line="500"><counter type="INSTRUCTION" missed="0" covered="20"/><counter type="BRANCH" missed="0" covered="2"/><counter type="LINE" missed="0" covered="6"/><counter type="COMPLEXITY" missed="0" covered="2"/><counter type="METHOD" missed="0" covered="1"/></method><method name="setHeader" desc="(Ljava/sql/ResultSet;)Lorg/apache/commons/csv/CSVFormat$Builder;" line="530"><counter type="INSTRUCTION" missed="0" covered="9"/><counter type="BRANCH" missed="0" covered="2"/><counter type="LINE" missed="0" covered="1"/><counter type="COMPLEXITY" missed="0" covered="2"/><counter type="METHOD" missed="0" covered="1"/></method><method name="setHeader" desc="(Ljava/sql/ResultSetMetaData;)Lorg/apache/commons/csv/CSVFormat$Builder;" line="554"><counter type="INSTRUCTION" missed="0" covered="29"/><counter type="BRANCH" missed="0" covered="4"/><counter type="LINE" missed="0" covered="7"/><counter type="COMPLEXITY" missed="0" covered="3"/><counter type="METHOD" missed="0" covered="1"/></method><method name="setHeader" desc="([Ljava/lang/String;)Lorg/apache/commons/csv/CSVFormat$Builder;" line="585"><counter type="INSTRUCTION" missed="0" covered="7"/><counter type="LINE" missed="0" covered="2"/><counter type="COMPLEXITY" missed="0" covered="1"/><counter type="METHOD" missed="0" covered="1"/></method><method name="setHeaderComments" desc="([Ljava/lang/Object;)Lorg/apache/commons/csv/CSVFormat$Builder;" line="623"><counter type="INSTRUCTION" missed="0" covered="8"/><counter type="LINE" missed="0" covered="2"/><counter type="COMPLEXITY" missed="0" covered="1"/><counter type="METHOD" missed="0" covered="1"/></method><method name="setHeaderComments" desc="([Ljava/lang/String;)Lorg/apache/commons/csv/CSVFormat$Builder;" line="661"><counter type="INSTRUCTION" missed="0" covered="7"/><counter type="LINE" missed="0" covered="2"/><counter type="COMPLEXITY" missed="0" covered="1"/><counter type="METHOD" missed="0" covered="1"/></method><method name="setIgnoreEmptyLines" desc="(Z)Lorg/apache/commons/csv/CSVFormat$Builder;" line="674"><counter type="INSTRUCTION" missed="0" covered="5"/><counter type="LINE" missed="0" covered="2"/><counter type="COMPLEXITY" missed="0" covered="1"/><counter type="METHOD" missed="0" covered="1"/></method><method name="setIgnoreHeaderCase" desc="(Z)Lorg/apache/commons/csv/CSVFormat$Builder;" line="685"><counter type="INSTRUCTION" missed="0" covered="5"/><counter type="LINE" missed="0" covered="2"/><counter type="COMPLEXITY" missed="0" covered="1"/><counter type="METHOD" missed="0" covered="1"/></method><method name="setIgnoreSurroundingSpaces" desc="(Z)Lorg/apache/commons/csv/CSVFormat$Builder;" line="696"><counter type="INSTRUCTION" missed="0" covered="5"/><counter type="LINE" missed="0" covered="2"/><counter type="COMPLEXITY" missed="0" covered="1"/><counter type="METHOD" missed="0" covered="1"/></method><method name="setLenientEof" desc="(Z)Lorg/apache/commons/csv/CSVFormat$Builder;" line="708"><counter type="INSTRUCTION" missed="0" covered="5"/><counter type="LINE" missed="0" covered="2"/><counter type="COMPLEXITY" missed="0" covered="1"/><counter type="METHOD" missed="0" covered="1"/></method><method name="setNullString" desc="(Ljava/lang/String;)Lorg/apache/commons/csv/CSVFormat$Builder;" line="724"><counter type="INSTRUCTION" missed="0" covered="19"/><counter type="LINE" missed="0" covered="3"/><counter type="COMPLEXITY" missed="0" covered="1"/><counter type="METHOD" missed="0" covered="1"/></method><method name="setQuote" desc="(C)Lorg/apache/commons/csv/CSVFormat$Builder;" line="736"><counter type="INSTRUCTION" missed="0" covered="7"/><counter type="LINE" missed="0" covered="2"/><counter type="COMPLEXITY" missed="0" covered="1"/><counter type="METHOD" missed="0" covered="1"/></method><method name="setQuote" desc="(Ljava/lang/Character;)Lorg/apache/commons/csv/CSVFormat$Builder;" line="747"><counter type="INSTRUCTION" missed="0" covered="13"/><counter type="BRANCH" missed="0" covered="2"/><counter type="LINE" missed="0" covered="4"/><counter type="COMPLEXITY" missed="0" covered="2"/><counter type="METHOD" missed="0" covered="1"/></method><method name="setQuoteMode" desc="(Lorg/apache/commons/csv/QuoteMode;)Lorg/apache/commons/csv/CSVFormat$Builder;" line="761"><counter type="INSTRUCTION" missed="0" covered="5"/><counter type="LINE" missed="0" covered="2"/><counter type="COMPLEXITY" missed="0" covered="1"/><counter type="METHOD" missed="0" covered="1"/></method><method name="setRecordSeparator" desc="(C)Lorg/apache/commons/csv/CSVFormat$Builder;" line="777"><counter type="INSTRUCTION" missed="0" covered="6"/><counter type="LINE" missed="0" covered="2"/><counter type="COMPLEXITY" missed="0" covered="1"/><counter type="METHOD" missed="0" covered="1"/></method><method name="setRecordSeparator" desc="(Ljava/lang/String;)Lorg/apache/commons/csv/CSVFormat$Builder;" line="793"><counter type="INSTRUCTION" missed="0" covered="5"/><counter type="LINE" missed="0" covered="2"/><counter type="COMPLEXITY" missed="0" covered="1"/><counter type="METHOD" missed="0" covered="1"/></method><method name="setSkipHeaderRecord" desc="(Z)Lorg/apache/commons/csv/CSVFormat$Builder;" line="804"><counter type="INSTRUCTION" missed="0" covered="5"/><counter type="LINE" missed="0" covered="2"/><counter type="COMPLEXITY" missed="0" covered="1"/><counter type="METHOD" missed="0" covered="1"/></method><method name="setTrailingData" desc="(Z)Lorg/apache/commons/csv/CSVFormat$Builder;" line="816"><counter type="INSTRUCTION" missed="0" covered="5"/><counter type="LINE" missed="0" covered="2"/><counter type="COMPLEXITY" missed="0" covered="1"/><counter type="METHOD" missed="0" covered="1"/></method><method name="setTrailingDelimiter" desc="(Z)Lorg/apache/commons/csv/CSVFormat$Builder;" line="827"><counter type="INSTRUCTION" missed="0" covered="5"/><counter type="LINE" missed="0" covered="2"/><counter type="COMPLEXITY" missed="0" covered="1"/><counter type="METHOD" missed="0" covered="1"/></method><method name="setTrim" desc="(Z)Lorg/apache/commons/csv/CSVFormat$Builder;" line="838"><counter type="INSTRUCTION" missed="0" covered="5"/><counter type="LINE" missed="0" covered="2"/><counter type="COMPLEXITY" missed="0" covered="1"/><counter type="METHOD" missed="0" covered="1"/></method><method name="lambda$setHeader$0" desc="([Ljava/lang/Enum;I)Ljava/lang/String;" line="504"><counter type="INSTRUCTION" missed="0" covered="5"/><counter type="LINE" missed="0" covered="1"/><counter type="COMPLEXITY" missed="0" covered="1"/><counter type="METHOD" missed="0" covered="1"/></method><counter type="INSTRUCTION" missed="0" covered="377"/><counter type="BRANCH" missed="0" covered="20"/><counter type="LINE" missed="0" covered="104"/><counter type="COMPLEXITY" missed="0" covered="45"/><counter type="METHOD" missed="0" covered="35"/><counter type="CLASS" missed="0" covered="1"/></class><class name="org/apache/commons/csv/CSVParser$CSVRecordIterator" sourcefilename="CSVParser.java"><method name="&lt;init&gt;" desc="(Lorg/apache/commons/csv/CSVParser;)V" line="145"><counter type="INSTRUCTION" missed="0" covered="6"/><counter type="LINE" missed="0" covered="1"/><counter type="COMPLEXITY" missed="0" covered="1"/><counter type="METHOD" missed="0" covered="1"/></method><method name="getNextRecord" desc="()Lorg/apache/commons/csv/CSVRecord;" line="149"><counter type="INSTRUCTION" missed="0" covered="6"/><counter type="LINE" missed="0" covered="1"/><counter type="COMPLEXITY" missed="0" covered="1"/><counter type="METHOD" missed="0" covered="1"/></method><method name="hasNext" desc="()Z" line="154"><counter type="INSTRUCTION" missed="0" covered="20"/><counter type="BRANCH" missed="0" covered="6"/><counter type="LINE" missed="0" covered="5"/><counter type="COMPLEXITY" missed="0" covered="4"/><counter type="METHOD" missed="0" covered="1"/></method><method name="next" desc="()Lorg/apache/commons/csv/CSVRecord;" line="166"><counter type="INSTRUCTION" missed="0" covered="29"/><counter type="BRANCH" missed="0" covered="6"/><counter type="LINE" missed="0" covered="9"/><counter type="COMPLEXITY" missed="0" covered="4"/><counter type="METHOD" missed="0" covered="1"/></method><method name="remove" desc="()V" line="185"><counter type="INSTRUCTION" missed="0" covered="4"/><counter type="LINE" missed="0" covered="1"/><counter type="COMPLEXITY" missed="0" covered="1"/><counter type="METHOD" missed="0" covered="1"/></method><counter type="INSTRUCTION" missed="0" covered="65"/><counter type="BRANCH" missed="0" covered="12"/><counter type="LINE" missed="0" covered="17"/><counter type="COMPLEXITY" missed="0" covered="11"/><counter type="METHOD" missed="0" covered="5"/><counter type="CLASS" missed="0" covered="1"/></class><class name="org/apache/commons/csv/CSVRecord" sourcefilename="CSVRecord.java"><method name="&lt;init&gt;" desc="(Lorg/apache/commons/csv/CSVParser;[Ljava/lang/String;Ljava/lang/String;JJ)V" line="60"><counter type="INSTRUCTION" missed="0" covered="22"/><counter type="BRANCH" missed="0" covered="2"/><counter type="LINE" missed="0" covered="7"/><counter type="COMPLEXITY" missed="0" covered="2"/><counter type="METHOD" missed="0" covered="1"/></method><method name="get" desc="(Ljava/lang/Enum;)Ljava/lang/String;" line="76"><counter type="INSTRUCTION" missed="0" covered="9"/><counter type="BRANCH" missed="0" covered="2"/><counter type="LINE" missed="0" covered="1"/><counter type="COMPLEXITY" missed="0" covered="2"/><counter type="METHOD" missed="0" covered="1"/></method><method name="get" desc="(I)Ljava/lang/String;" line="87"><counter type="INSTRUCTION" missed="0" covered="5"/><counter type="LINE" missed="0" covered="1"/><counter type="COMPLEXITY" missed="0" covered="1"/><counter type="METHOD" missed="0" covered="1"/></method><method name="get" desc="(Ljava/lang/String;)Ljava/lang/String;" line="114"><counter type="INSTRUCTION" missed="0" covered="64"/><counter type="BRANCH" missed="0" covered="4"/><counter type="LINE" missed="0" covered="11"/><counter type="COMPLEXITY" missed="0" covered="3"/><counter type="METHOD" missed="0" covered="1"/></method><method name="getCharacterPosition" desc="()J" line="140"><counter type="INSTRUCTION" missed="0" covered="3"/><counter type="LINE" missed="0" covered="1"/><counter type="COMPLEXITY" missed="0" covered="1"/><counter type="METHOD" missed="0" covered="1"/></method><method name="getComment" desc="()Ljava/lang/String;" line="152"><counter type="INSTRUCTION" missed="0" covered="3"/><counter type="LINE" missed="0" covered="1"/><counter type="COMPLEXITY" missed="0" covered="1"/><counter type="METHOD" missed="0" covered="1"/></method><method name="getHeaderMapRaw" desc="()Ljava/util/Map;" line="156"><counter type="INSTRUCTION" missed="0" covered="9"/><counter type="BRANCH" missed="0" covered="2"/><counter type="LINE" missed="0" covered="1"/><counter type="COMPLEXITY" missed="0" covered="2"/><counter type="METHOD" missed="0" covered="1"/></method><method name="getParser" desc="()Lorg/apache/commons/csv/CSVParser;" line="171"><counter type="INSTRUCTION" missed="0" covered="3"/><counter type="LINE" missed="0" covered="1"/><counter type="COMPLEXITY" missed="0" covered="1"/><counter type="METHOD" missed="0" covered="1"/></method><method name="getRecordNumber" desc="()J" line="186"><counter type="INSTRUCTION" missed="0" covered="3"/><counter type="LINE" missed="0" covered="1"/><counter type="COMPLEXITY" missed="0" covered="1"/><counter type="METHOD" missed="0" covered="1"/></method><method name="hasComment" desc="()Z" line="199"><counter type="INSTRUCTION" missed="0" covered="7"/><counter type="BRANCH" missed="0" covered="2"/><counter type="LINE" missed="0" covered="1"/><counter type="COMPLEXITY" missed="0" covered="2"/><counter type="METHOD" missed="0" covered="1"/></method><method name="isConsistent" desc="()Z" line="213"><counter type="INSTRUCTION" missed="0" covered="15"/><counter type="BRANCH" missed="0" covered="4"/><counter type="LINE" missed="0" covered="2"/><counter type="COMPLEXITY" missed="0" covered="3"/><counter type="METHOD" missed="0" covered="1"/></method><method name="isMapped" desc="(Ljava/lang/String;)Z" line="225"><counter type="INSTRUCTION" missed="0" covered="13"/><counter type="BRANCH" missed="0" covered="4"/><counter type="LINE" missed="0" covered="2"/><counter type="COMPLEXITY" missed="0" covered="3"/><counter type="METHOD" missed="0" covered="1"/></method><method name="isSet" desc="(I)Z" line="237"><counter type="INSTRUCTION" missed="0" covered="12"/><counter type="BRANCH" missed="0" covered="4"/><counter type="LINE" missed="0" covered="1"/><counter type="COMPLEXITY" missed="0" covered="3"/><counter type="METHOD" missed="0" covered="1"/></method><method name="isSet" desc="(Ljava/lang/String;)Z" line="248"><counter type="INSTRUCTION" missed="0" covered="18"/><counter type="BRANCH" missed="0" covered="4"/><counter type="LINE" missed="0" covered="1"/><counter type="COMPLEXITY" missed="0" covered="3"/><counter type="METHOD" missed="0" covered="1"/></method><method name="iterator" desc="()Ljava/util/Iterator;" line="258"><counter type="INSTRUCTION" missed="0" covered="4"/><counter type="LINE" missed="0" covered="1"/><counter type="COMPLEXITY" missed="0" covered="1"/><counter type="METHOD" missed="0" covered="1"/></method><method name="putIn" desc="(Ljava/util/Map;)Ljava/util/Map;" line="270"><counter type="INSTRUCTION" missed="0" covered="13"/><counter type="BRANCH" missed="0" covered="2"/><counter type="LINE" missed="0" covered="4"/><counter type="COMPLEXITY" missed="0" covered="2"/><counter type="METHOD" missed="0" covered="1"/></method><method name="size" desc="()I" line="287"><counter type="INSTRUCTION" missed="0" covered="4"/><counter type="LINE" missed="0" covered="1"/><counter type="COMPLEXITY" missed="0" covered="1"/><counter type="METHOD" missed="0" covered="1"/></method><method name="stream" desc="()Ljava/util/stream/Stream;" line="297"><counter type="INSTRUCTION" missed="0" covered="4"/><counter type="LINE" missed="0" covered="1"/><counter type="COMPLEXITY" missed="0" covered="1"/><counter type="METHOD" missed="0" covered="1"/></method><method name="toList" desc="()Ljava/util/List;" line="310"><counter type="INSTRUCTION" missed="0" covered="6"/><counter type="LINE" missed="0" covered="1"/><counter type="COMPLEXITY" missed="0" covered="1"/><counter type="METHOD" missed="0" covered="1"/></method><method name="toMap" desc="()Ljava/util/Map;" line="324"><counter type="INSTRUCTION" missed="0" covered="9"/><counter type="LINE" missed="0" covered="1"/><counter type="COMPLEXITY" missed="0" covered="1"/><counter type="METHOD" missed="0" covered="1"/></method><method name="toString" desc="()Ljava/lang/String;" line="335"><counter type="INSTRUCTION" missed="0" covered="23"/><counter type="LINE" missed="0" covered="2"/><counter type="COMPLEXITY" missed="0" covered="1"/><counter type="METHOD" missed="0" covered="1"/></method><method name="values" desc="()[Ljava/lang/String;" line="346"><counter type="INSTRUCTION" missed="0" covered="3"/><counter type="LINE" missed="0" covered="1"/><counter type="COMPLEXITY" missed="0" covered="1"/><counter type="METHOD" missed="0" covered="1"/></method><method name="lambda$putIn$0" desc="(Ljava/util/Map;Ljava/lang/String;Ljava/lang/Integer;)V" line="274"><counter type="INSTRUCTION" missed="0" covered="16"/><counter type="BRANCH" missed="0" covered="2"/><counter type="LINE" missed="0" covered="3"/><counter type="COMPLEXITY" missed="0" covered="2"/><counter type="METHOD" missed="0" covered="1"/></method><counter type="INSTRUCTION" missed="0" covered="268"/><counter type="BRANCH" missed="0" covered="32"/><counter type="LINE" missed="0" covered="47"/><counter type="COMPLEXITY" missed="0" covered="39"/><counter type="METHOD" missed="0" covered="23"/><counter type="CLASS" missed="0" covered="1"/></class><class name="org/apache/commons/csv/Token" sourcefilename="Token.java"><method name="&lt;init&gt;" desc="()V" line="28"><counter type="INSTRUCTION" missed="0" covered="12"/><counter type="LINE" missed="0" covered="3"/><counter type="COMPLEXITY" missed="0" covered="1"/><counter type="METHOD" missed="0" covered="1"/></method><method name="reset" desc="()V" line="62"><counter type="INSTRUCTION" missed="0" covered="14"/><counter type="LINE" missed="0" covered="5"/><counter type="COMPLEXITY" missed="0" covered="1"/><counter type="METHOD" missed="0" covered="1"/></method><method name="toString" desc="()Ljava/lang/String;" line="75"><counter type="INSTRUCTION" missed="0" covered="17"/><counter type="LINE" missed="0" covered="1"/><counter type="COMPLEXITY" missed="0" covered="1"/><counter type="METHOD" missed="0" covered="1"/></method><counter type="INSTRUCTION" missed="0" covered="43"/><counter type="LINE" missed="0" covered="9"/><counter type="COMPLEXITY" missed="0" covered="3"/><counter type="METHOD" missed="0" covered="3"/><counter type="CLASS" missed="0" covered="1"/></class><class name="org/apache/commons/csv/CSVParser" sourcefilename="CSVParser.java"><method name="parse" desc="(Ljava/io/File;Ljava/nio/charset/Charset;Lorg/apache/commons/csv/CSVFormat;)Lorg/apache/commons/csv/CSVParser;" line="226"><counter type="INSTRUCTION" missed="0" covered="10"/><counter type="LINE" missed="0" covered="2"/><counter type="COMPLEXITY" missed="0" covered="1"/><counter type="METHOD" missed="0" covered="1"/></method><method name="parse" desc="(Ljava/io/InputStream;Ljava/nio/charset/Charset;Lorg/apache/commons/csv/CSVFormat;)Lorg/apache/commons/csv/CSVParser;" line="254"><counter type="INSTRUCTION" missed="0" covered="16"/><counter type="LINE" missed="0" covered="3"/><counter type="COMPLEXITY" missed="0" covered="1"/><counter type="METHOD" missed="0" covered="1"/></method><method name="parse" desc="(Ljava/nio/file/Path;Ljava/nio/charset/Charset;Lorg/apache/commons/csv/CSVFormat;)Lorg/apache/commons/csv/CSVParser;" line="277"><counter type="INSTRUCTION" missed="0" covered="16"/><counter type="LINE" missed="0" covered="3"/><counter type="COMPLEXITY" missed="0" covered="1"/><counter type="METHOD" missed="0" covered="1"/></method><method name="parse" desc="(Ljava/io/Reader;Lorg/apache/commons/csv/CSVFormat;)Lorg/apache/commons/csv/CSVParser;" line="302"><counter type="INSTRUCTION" missed="0" covered="6"/><counter type="LINE" missed="0" covered="1"/><counter type="COMPLEXITY" missed="0" covered="1"/><counter type="METHOD" missed="0" covered="1"/></method><method name="parse" desc="(Ljava/lang/String;Lorg/apache/commons/csv/CSVFormat;)Lorg/apache/commons/csv/CSVParser;" line="319"><counter type="INSTRUCTION" missed="0" covered="17"/><counter type="LINE" missed="0" covered="3"/><counter type="COMPLEXITY" missed="0" covered="1"/><counter type="METHOD" missed="0" covered="1"/></method><method name="parse" desc="(Ljava/net/URL;Ljava/nio/charset/Charset;Lorg/apache/commons/csv/CSVFormat;)Lorg/apache/commons/csv/CSVParser;" line="347"><counter type="INSTRUCTION" missed="0" covered="23"/><counter type="LINE" missed="0" covered="4"/><counter type="COMPLEXITY" missed="0" covered="1"/><counter type="METHOD" missed="0" covered="1"/></method><method name="&lt;init&gt;" desc="(Ljava/io/Reader;Lorg/apache/commons/csv/CSVFormat;)V" line="400"><counter type="INSTRUCTION" missed="0" covered="7"/><counter type="LINE" missed="0" covered="2"/><counter type="COMPLEXITY" missed="0" covered="1"/><counter type="METHOD" missed="0" covered="1"/></method><method name="&lt;init&gt;" desc="(Ljava/io/Reader;Lorg/apache/commons/csv/CSVFormat;JJ)V" line="367"><counter type="INSTRUCTION" missed="0" covered="53"/><counter type="LINE" missed="0" covered="12"/><counter type="COMPLEXITY" missed="0" covered="1"/><counter type="METHOD" missed="0" covered="1"/></method><method name="addRecordValue" desc="(Z)V" line="439"><counter type="INSTRUCTION" missed="0" covered="26"/><counter type="BRANCH" missed="0" covered="6"/><counter type="LINE" missed="0" covered="5"/><counter type="COMPLEXITY" missed="0" covered="4"/><counter type="METHOD" missed="0" covered="1"/></method><method name="close" desc="()V" line="454"><counter type="INSTRUCTION" missed="0" covered="4"/><counter type="LINE" missed="0" covered="2"/><counter type="COMPLEXITY" missed="0" covered="1"/><counter type="METHOD" missed="0" covered="1"/></method><method name="createEmptyHeaderMap" desc="()Ljava/util/Map;" line="458"><counter type="INSTRUCTION" missed="0" covered="13"/><counter type="BRANCH" missed="0" covered="2"/><counter type="LINE" missed="0" covered="1"/><counter type="COMPLEXITY" missed="0" covered="2"/><counter type="METHOD" missed="0" covered="1"/></method><method name="createHeaders" desc="()Lorg/apache/commons/csv/CSVParser$Headers;" line="470"><counter type="INSTRUCTION" missed="0" covered="170"/><counter type="BRANCH" missed="1" covered="37"/><counter type="LINE" missed="0" covered="40"/><counter type="COMPLEXITY" missed="1" covered="19"/><counter type="METHOD" missed="0" covered="1"/></method><method name="getCurrentLineNumber" desc="()J" line="542"><counter type="INSTRUCTION" missed="0" covered="4"/><counter type="LINE" missed="0" covered="1"/><counter type="COMPLEXITY" missed="0" covered="1"/><counter type="METHOD" missed="0" covered="1"/></method><method name="getFirstEndOfLine" desc="()Ljava/lang/String;" line="552"><counter type="INSTRUCTION" missed="0" covered="4"/><counter type="LINE" missed="0" covered="1"/><counter type="COMPLEXITY" missed="0" covered="1"/><counter type="METHOD" missed="0" covered="1"/></method><method name="getHeaderComment" desc="()Ljava/lang/String;" line="563"><counter type="INSTRUCTION" missed="0" covered="3"/><counter type="LINE" missed="0" covered="1"/><counter type="COMPLEXITY" missed="0" covered="1"/><counter type="METHOD" missed="0" covered="1"/></method><method name="getHeaderMap" desc="()Ljava/util/Map;" line="579"><counter type="INSTRUCTION" missed="0" covered="16"/><counter type="BRANCH" missed="0" covered="2"/><counter type="LINE" missed="0" covered="5"/><counter type="COMPLEXITY" missed="0" covered="2"/><counter type="METHOD" missed="0" covered="1"/></method><method name="getHeaderMapRaw" desc="()Ljava/util/Map;" line="593"><counter type="INSTRUCTION" missed="0" covered="4"/><counter type="LINE" missed="0" covered="1"/><counter type="COMPLEXITY" missed="0" covered="1"/><counter type="METHOD" missed="0" covered="1"/></method><method name="getHeaderNames" desc="()Ljava/util/List;" line="609"><counter type="INSTRUCTION" missed="0" covered="5"/><counter type="LINE" missed="0" covered="1"/><counter type="COMPLEXITY" missed="0" covered="1"/><counter type="METHOD" missed="0" covered="1"/></method><method name="getRecordNumber" desc="()J" line="623"><counter type="INSTRUCTION" missed="0" covered="3"/><counter type="LINE" missed="0" covered="1"/><counter type="COMPLEXITY" missed="0" covered="1"/><counter type="METHOD" missed="0" covered="1"/></method><method name="getRecords" desc="()Ljava/util/List;" line="639"><counter type="INSTRUCTION" missed="0" covered="6"/><counter type="LINE" missed="0" covered="1"/><counter type="COMPLEXITY" missed="0" covered="1"/><counter type="METHOD" missed="0" covered="1"/></method><method name="getTrailerComment" desc="()Ljava/lang/String;" line="650"><counter type="INSTRUCTION" missed="0" covered="3"/><counter type="LINE" missed="0" covered="1"/><counter type="COMPLEXITY" missed="0" covered="1"/><counter type="METHOD" missed="0" covered="1"/></method><method name="handleNull" desc="(Ljava/lang/String;)Ljava/lang/String;" line="661"><counter type="INSTRUCTION" missed="0" covered="36"/><counter type="BRANCH" missed="0" covered="14"/><counter type="LINE" missed="0" covered="6"/><counter type="COMPLEXITY" missed="0" covered="8"/><counter type="METHOD" missed="0" covered="1"/></method><method name="hasHeaderComment" desc="()Z" line="685"><counter type="INSTRUCTION" missed="0" covered="7"/><counter type="BRANCH" missed="0" covered="2"/><counter type="LINE" missed="0" covered="1"/><counter type="COMPLEXITY" missed="0" covered="2"/><counter type="METHOD" missed="0" covered="1"/></method><method name="hasTrailerComment" desc="()Z" line="698"><counter type="INSTRUCTION" missed="0" covered="7"/><counter type="BRANCH" missed="0" covered="2"/><counter type="LINE" missed="0" covered="1"/><counter type="COMPLEXITY" missed="0" covered="2"/><counter type="METHOD" missed="0" covered="1"/></method><method name="isClosed" desc="()Z" line="707"><counter type="INSTRUCTION" missed="0" covered="4"/><counter type="LINE" missed="0" covered="1"/><counter type="COMPLEXITY" missed="0" covered="1"/><counter type="METHOD" missed="0" covered="1"/></method><method name="isStrictQuoteMode" desc="()Z" line="717"><counter type="INSTRUCTION" missed="0" covered="14"/><counter type="BRANCH" missed="0" covered="4"/><counter type="LINE" missed="0" covered="2"/><counter type="COMPLEXITY" missed="0" covered="3"/><counter type="METHOD" missed="0" covered="1"/></method><method name="iterator" desc="()Ljava/util/Iterator;" line="742"><counter type="INSTRUCTION" missed="0" covered="3"/><counter type="LINE" missed="0" covered="1"/><counter type="COMPLEXITY" missed="0" covered="1"/><counter type="METHOD" missed="0" covered="1"/></method><method name="nextRecord" desc="()Lorg/apache/commons/csv/CSVRecord;" line="753"><counter type="INSTRUCTION" missed="29" covered="113"/><counter type="BRANCH" missed="2" covered="16"/><counter type="LINE" missed="2" covered="27"/><counter type="COMPLEXITY" missed="2" covered="10"/><counter type="METHOD" missed="0" covered="1"/></method><method name="stream" desc="()Ljava/util/stream/Stream;" line="809"><counter type="INSTRUCTION" missed="0" covered="7"/><counter type="LINE" missed="0" covered="1"/><counter type="COMPLEXITY" missed="0" covered="1"/><counter type="METHOD" missed="0" covered="1"/></method><counter type="INSTRUCTION" missed="29" covered="600"/><counter type="BRANCH" missed="3" covered="85"/><counter type="LINE" missed="2" covered="131"/><counter type="COMPLEXITY" missed="3" covered="72"/><counter type="METHOD" missed="0" covered="29"/><counter type="CLASS" missed="0" covered="1"/></class><class name="org/apache/commons/csv/CSVParser$Headers" sourcefilename="CSVParser.java"><method name="&lt;init&gt;" desc="(Ljava/util/Map;Ljava/util/List;)V" line="204"><counter type="INSTRUCTION" missed="0" covered="9"/><counter type="LINE" missed="0" covered="4"/><counter type="COMPLEXITY" missed="0" covered="1"/><counter type="METHOD" missed="0" covered="1"/></method><counter type="INSTRUCTION" missed="0" covered="9"/><counter type="LINE" missed="0" covered="4"/><counter type="COMPLEXITY" missed="0" covered="1"/><counter type="METHOD" missed="0" covered="1"/><counter type="CLASS" missed="0" covered="1"/></class><class name="org/apache/commons/csv/QuoteMode" sourcefilename="QuoteMode.java"><method name="&lt;clinit&gt;" desc="()V" line="22"><counter type="INSTRUCTION" missed="0" covered="54"/><counter type="LINE" missed="0" covered="6"/><counter type="COMPLEXITY" missed="0" covered="1"/><counter type="METHOD" missed="0" covered="1"/></method><counter type="INSTRUCTION" missed="0" covered="54"/><counter type="LINE" missed="0" covered="6"/><counter type="COMPLEXITY" missed="0" covered="1"/><counter type="METHOD" missed="0" covered="1"/><counter type="CLASS" missed="0" covered="1"/></class><class name="org/apache/commons/csv/DuplicateHeaderMode" sourcefilename="DuplicateHeaderMode.java"><method name="&lt;clinit&gt;" desc="()V" line="26"><counter type="INSTRUCTION" missed="0" covered="34"/><counter type="LINE" missed="0" covered="4"/><counter type="COMPLEXITY" missed="0" covered="1"/><counter type="METHOD" missed="0" covered="1"/></method><counter type="INSTRUCTION" missed="0" covered="34"/><counter type="LINE" missed="0" covered="4"/><counter type="COMPLEXITY" missed="0" covered="1"/><counter type="METHOD" missed="0" covered="1"/><counter type="CLASS" missed="0" covered="1"/></class><class name="org/apache/commons/csv/Lexer" sourcefilename="Lexer.java"><method name="&lt;init&gt;" desc="(Lorg/apache/commons/csv/CSVFormat;Lorg/apache/commons/csv/ExtendedBufferedReader;)V" line="67"><counter type="INSTRUCTION" missed="0" covered="62"/><counter type="LINE" missed="0" covered="13"/><counter type="COMPLEXITY" missed="0" covered="1"/><counter type="METHOD" missed="0" covered="1"/></method><method name="close" desc="()V" line="89"><counter type="INSTRUCTION" missed="0" covered="4"/><counter type="LINE" missed="0" covered="2"/><counter type="COMPLEXITY" missed="0" covered="1"/><counter type="METHOD" missed="0" covered="1"/></method><method name="getCharacterPosition" desc="()J" line="98"><counter type="INSTRUCTION" missed="0" covered="4"/><counter type="LINE" missed="0" covered="1"/><counter type="COMPLEXITY" missed="0" covered="1"/><counter type="METHOD" missed="0" covered="1"/></method><method name="getCurrentLineNumber" desc="()J" line="107"><counter type="INSTRUCTION" missed="0" covered="4"/><counter type="LINE" missed="0" covered="1"/><counter type="COMPLEXITY" missed="0" covered="1"/><counter type="METHOD" missed="0" covered="1"/></method><method name="getFirstEol" desc="()Ljava/lang/String;" line="111"><counter type="INSTRUCTION" missed="0" covered="3"/><counter type="LINE" missed="0" covered="1"/><counter type="COMPLEXITY" missed="0" covered="1"/><counter type="METHOD" missed="0" covered="1"/></method><method name="isClosed" desc="()Z" line="115"><counter type="INSTRUCTION" missed="0" covered="4"/><counter type="LINE" missed="0" covered="1"/><counter type="COMPLEXITY" missed="0" covered="1"/><counter type="METHOD" missed="0" covered="1"/></method><method name="isCommentStart" desc="(I)Z" line="119"><counter type="INSTRUCTION" missed="0" covered="8"/><counter type="BRANCH" missed="0" covered="2"/><counter type="LINE" missed="0" covered="1"/><counter type="COMPLEXITY" missed="0" covered="2"/><counter type="METHOD" missed="0" covered="1"/></method><method name="isDelimiter" desc="(I)Z" line="131"><counter type="INSTRUCTION" missed="0" covered="70"/><counter type="BRANCH" missed="0" covered="10"/><counter type="LINE" missed="0" covered="13"/><counter type="COMPLEXITY" missed="0" covered="6"/><counter type="METHOD" missed="0" covered="1"/></method><method name="isEndOfFile" desc="(I)Z" line="156"><counter type="INSTRUCTION" missed="0" covered="7"/><counter type="BRANCH" missed="0" covered="2"/><counter type="LINE" missed="0" covered="1"/><counter type="COMPLEXITY" missed="0" covered="2"/><counter type="METHOD" missed="0" covered="1"/></method><method name="isEscape" desc="(I)Z" line="165"><counter type="INSTRUCTION" missed="0" covered="8"/><counter type="BRANCH" missed="0" covered="2"/><counter type="LINE" missed="0" covered="1"/><counter type="COMPLEXITY" missed="0" covered="2"/><counter type="METHOD" missed="0" covered="1"/></method><method name="isEscapeDelimiter" desc="()Z" line="177"><counter type="INSTRUCTION" missed="1" covered="66"/><counter type="BRANCH" missed="2" covered="8"/><counter type="LINE" missed="0" covered="8"/><counter type="COMPLEXITY" missed="2" covered="4"/><counter type="METHOD" missed="0" covered="1"/></method><method name="isMetaChar" desc="(I)Z" line="191"><counter type="INSTRUCTION" missed="0" covered="16"/><counter type="BRANCH" missed="0" covered="6"/><counter type="LINE" missed="0" covered="1"/><counter type="COMPLEXITY" missed="0" covered="4"/><counter type="METHOD" missed="0" covered="1"/></method><method name="isQuoteChar" desc="(I)Z" line="195"><counter type="INSTRUCTION" missed="0" covered="8"/><counter type="BRANCH" missed="0" covered="2"/><counter type="LINE" missed="0" covered="1"/><counter type="COMPLEXITY" missed="0" covered="2"/><counter type="METHOD" missed="0" covered="1"/></method><method name="isStartOfLine" desc="(I)Z" line="205"><counter type="INSTRUCTION" missed="0" covered="13"/><counter type="BRANCH" missed="0" covered="6"/><counter type="LINE" missed="0" covered="1"/><counter type="COMPLEXITY" missed="0" covered="4"/><counter type="METHOD" missed="0" covered="1"/></method><method name="mapNullToDisabled" desc="(Ljava/lang/Character;)C" line="209"><counter type="INSTRUCTION" missed="0" covered="7"/><counter type="BRANCH" missed="0" covered="2"/><counter type="LINE" missed="0" covered="1"/><counter type="COMPLEXITY" missed="0" covered="2"/><counter type="METHOD" missed="0" covered="1"/></method><method name="nextToken" desc="(Lorg/apache/commons/csv/Token;)Lorg/apache/commons/csv/Token;" line="226"><counter type="INSTRUCTION" missed="0" covered="156"/><counter type="BRANCH" missed="0" covered="38"/><counter type="LINE" missed="0" covered="39"/><counter type="COMPLEXITY" missed="0" covered="20"/><counter type="METHOD" missed="0" covered="1"/></method><method name="parseEncapsulatedToken" desc="(Lorg/apache/commons/csv/Token;)Lorg/apache/commons/csv/Token;" line="330"><counter type="INSTRUCTION" missed="0" covered="174"/><counter type="BRANCH" missed="0" covered="24"/><counter type="LINE" missed="0" covered="38"/><counter type="COMPLEXITY" missed="0" covered="13"/><counter type="METHOD" missed="0" covered="1"/></method><method name="parseSimpleToken" desc="(Lorg/apache/commons/csv/Token;I)Lorg/apache/commons/csv/Token;" line="418"><counter type="INSTRUCTION" missed="0" covered="86"/><counter type="BRANCH" missed="0" covered="14"/><counter type="LINE" missed="0" covered="23"/><counter type="COMPLEXITY" missed="0" covered="8"/><counter type="METHOD" missed="0" covered="1"/></method><method name="readEndOfLine" desc="(I)Z" line="463"><counter type="INSTRUCTION" missed="0" covered="44"/><counter type="BRANCH" missed="0" covered="16"/><counter type="LINE" missed="0" covered="10"/><counter type="COMPLEXITY" missed="0" covered="9"/><counter type="METHOD" missed="0" covered="1"/></method><method name="readEscape" desc="()I" line="497"><counter type="INSTRUCTION" missed="0" covered="31"/><counter type="BRANCH" missed="0" covered="10"/><counter type="LINE" missed="0" covered="12"/><counter type="COMPLEXITY" missed="0" covered="9"/><counter type="METHOD" missed="0" covered="1"/></method><method name="trimTrailingSpaces" desc="(Ljava/lang/StringBuilder;)V" line="528"><counter type="INSTRUCTION" missed="0" covered="22"/><counter type="BRANCH" missed="0" covered="6"/><counter type="LINE" missed="0" covered="6"/><counter type="COMPLEXITY" missed="0" covered="4"/><counter type="METHOD" missed="0" covered="1"/></method><method name="&lt;clinit&gt;" desc="()V" line="40"><counter type="INSTRUCTION" missed="0" covered="7"/><counter type="LINE" missed="0" covered="2"/><counter type="COMPLEXITY" missed="0" covered="1"/><counter type="METHOD" missed="0" covered="1"/></method><counter type="INSTRUCTION" missed="1" covered="804"/><counter type="BRANCH" missed="2" covered="148"/><counter type="LINE" missed="0" covered="177"/><counter type="COMPLEXITY" missed="2" covered="98"/><counter type="METHOD" missed="0" covered="22"/><counter type="CLASS" missed="0" covered="1"/></class><class name="org/apache/commons/csv/CSVFormat$Predefined" sourcefilename="CSVFormat.java"><method name="&lt;init&gt;" desc="(Ljava/lang/String;ILorg/apache/commons/csv/CSVFormat;)V" line="917"><counter type="INSTRUCTION" missed="0" covered="8"/><counter type="LINE" missed="0" covered="3"/><counter type="COMPLEXITY" missed="0" covered="1"/><counter type="METHOD" missed="0" covered="1"/></method><method name="getFormat" desc="()Lorg/apache/commons/csv/CSVFormat;" line="927"><counter type="INSTRUCTION" missed="0" covered="3"/><counter type="LINE" missed="0" covered="1"/><counter type="COMPLEXITY" missed="0" covered="1"/><counter type="METHOD" missed="0" covered="1"/></method><method name="&lt;clinit&gt;" desc="()V" line="848"><counter type="INSTRUCTION" missed="0" covered="136"/><counter type="LINE" missed="0" covered="13"/><counter type="COMPLEXITY" missed="0" covered="1"/><counter type="METHOD" missed="0" covered="1"/></method><counter type="INSTRUCTION" missed="0" covered="147"/><counter type="LINE" missed="0" covered="17"/><counter type="COMPLEXITY" missed="0" covered="3"/><counter type="METHOD" missed="0" covered="3"/><counter type="CLASS" missed="0" covered="1"/></class><class name="org/apache/commons/csv/Token$Type" sourcefilename="Token.java"><method name="&lt;clinit&gt;" desc="()V" line="30"><counter type="INSTRUCTION" missed="0" covered="54"/><counter type="LINE" missed="0" covered="6"/><counter type="COMPLEXITY" missed="0" covered="1"/><counter type="METHOD" missed="0" covered="1"/></method><counter type="INSTRUCTION" missed="0" covered="54"/><counter type="LINE" missed="0" covered="6"/><counter type="COMPLEXITY" missed="0" covered="1"/><counter type="METHOD" missed="0" covered="1"/><counter type="CLASS" missed="0" covered="1"/></class><class name="org/apache/commons/csv/CSVFormat" sourcefilename="CSVFormat.java"><method name="clone" desc="([Ljava/lang/Object;)[Ljava/lang/Object;" line="1336"><counter type="INSTRUCTION" missed="0" covered="8"/><counter type="BRANCH" missed="0" covered="2"/><counter type="LINE" missed="0" covered="1"/><counter type="COMPLEXITY" missed="0" covered="2"/><counter type="METHOD" missed="0" covered="1"/></method><method name="contains" desc="(Ljava/lang/String;C)Z" line="1348"><counter type="INSTRUCTION" missed="0" covered="11"/><counter type="BRANCH" missed="0" covered="2"/><counter type="LINE" missed="0" covered="1"/><counter type="COMPLEXITY" missed="0" covered="2"/><counter type="METHOD" missed="0" covered="1"/></method><method name="containsLineBreak" desc="(Ljava/lang/String;)Z" line="1359"><counter type="INSTRUCTION" missed="0" covered="12"/><counter type="BRANCH" missed="0" covered="4"/><counter type="LINE" missed="0" covered="1"/><counter type="COMPLEXITY" missed="0" covered="3"/><counter type="METHOD" missed="0" covered="1"/></method><method name="isBlank" desc="(Ljava/lang/String;)Z" line="1363"><counter type="INSTRUCTION" missed="0" covered="10"/><counter type="BRANCH" missed="0" covered="4"/><counter type="LINE" missed="0" covered="1"/><counter type="COMPLEXITY" missed="0" covered="3"/><counter type="METHOD" missed="0" covered="1"/></method><method name="isLineBreak" desc="(C)Z" line="1374"><counter type="INSTRUCTION" missed="0" covered="10"/><counter type="BRANCH" missed="0" covered="4"/><counter type="LINE" missed="0" covered="1"/><counter type="COMPLEXITY" missed="0" covered="3"/><counter type="METHOD" missed="0" covered="1"/></method><method name="isLineBreak" desc="(Ljava/lang/Character;)Z" line="1385"><counter type="INSTRUCTION" missed="0" covered="10"/><counter type="BRANCH" missed="0" covered="4"/><counter type="LINE" missed="0" covered="1"/><counter type="COMPLEXITY" missed="0" covered="3"/><counter type="METHOD" missed="0" covered="1"/></method><method name="isTrimChar" desc="(C)Z" line="1390"><counter type="INSTRUCTION" missed="0" covered="7"/><counter type="BRANCH" missed="0" covered="2"/><counter type="LINE" missed="0" covered="1"/><counter type="COMPLEXITY" missed="0" covered="2"/><counter type="METHOD" missed="0" covered="1"/></method><method name="isTrimChar" desc="(Ljava/lang/CharSequence;I)Z" line="1395"><counter type="INSTRUCTION" missed="0" covered="5"/><counter type="LINE" missed="0" covered="1"/><counter type="COMPLEXITY" missed="0" covered="1"/><counter type="METHOD" missed="0" covered="1"/></method><method name="newFormat" desc="(C)Lorg/apache/commons/csv/CSVFormat;" line="1416"><counter type="INSTRUCTION" missed="0" covered="25"/><counter type="LINE" missed="0" covered="1"/><counter type="COMPLEXITY" missed="0" covered="1"/><counter type="METHOD" missed="0" covered="1"/></method><method name="toStringArray" desc="([Ljava/lang/Object;)[Ljava/lang/String;" line="1421"><counter type="INSTRUCTION" missed="0" covered="14"/><counter type="BRANCH" missed="0" covered="2"/><counter type="LINE" missed="0" covered="5"/><counter type="COMPLEXITY" missed="0" covered="2"/><counter type="METHOD" missed="0" covered="1"/></method><method name="trim" desc="(Ljava/lang/CharSequence;)Ljava/lang/CharSequence;" line="1430"><counter type="INSTRUCTION" missed="0" covered="46"/><counter type="BRANCH" missed="0" covered="14"/><counter type="LINE" missed="0" covered="10"/><counter type="COMPLEXITY" missed="0" covered="8"/><counter type="METHOD" missed="0" covered="1"/></method><method name="valueOf" desc="(Ljava/lang/String;)Lorg/apache/commons/csv/CSVFormat;" line="1454"><counter type="INSTRUCTION" missed="0" covered="4"/><counter type="LINE" missed="0" covered="1"/><counter type="COMPLEXITY" missed="0" covered="1"/><counter type="METHOD" missed="0" covered="1"/></method><method name="&lt;init&gt;" desc="(Lorg/apache/commons/csv/CSVFormat$Builder;)V" line="1508"><counter type="INSTRUCTION" missed="0" covered="89"/><counter type="LINE" missed="0" covered="24"/><counter type="COMPLEXITY" missed="0" covered="1"/><counter type="METHOD" missed="0" covered="1"/></method><method name="&lt;init&gt;" desc="(Ljava/lang/String;Ljava/lang/Character;Lorg/apache/commons/csv/QuoteMode;Ljava/lang/Character;Ljava/lang/Character;ZZLjava/lang/String;Ljava/lang/String;[Ljava/lang/Object;[Ljava/lang/String;ZZZZZZLorg/apache/commons/csv/DuplicateHeaderMode;ZZ)V" line="1562"><counter type="INSTRUCTION" missed="0" covered="82"/><counter type="LINE" missed="0" covered="24"/><counter type="COMPLEXITY" missed="0" covered="1"/><counter type="METHOD" missed="0" covered="1"/></method><method name="append" desc="(CLjava/lang/Appendable;)V" line="1589"><counter type="INSTRUCTION" missed="0" covered="5"/><counter type="LINE" missed="0" covered="2"/><counter type="COMPLEXITY" missed="0" covered="1"/><counter type="METHOD" missed="0" covered="1"/></method><method name="append" desc="(Ljava/lang/CharSequence;Ljava/lang/Appendable;)V" line="1597"><counter type="INSTRUCTION" missed="0" covered="5"/><counter type="LINE" missed="0" covered="2"/><counter type="COMPLEXITY" missed="0" covered="1"/><counter type="METHOD" missed="0" covered="1"/></method><method name="builder" desc="()Lorg/apache/commons/csv/CSVFormat$Builder;" line="1609"><counter type="INSTRUCTION" missed="0" covered="3"/><counter type="LINE" missed="0" covered="1"/><counter type="COMPLEXITY" missed="0" covered="1"/><counter type="METHOD" missed="0" covered="1"/></method><method name="copy" desc="()Lorg/apache/commons/csv/CSVFormat;" line="1618"><counter type="INSTRUCTION" missed="0" covered="4"/><counter type="LINE" missed="0" covered="1"/><counter type="COMPLEXITY" missed="0" covered="1"/><counter type="METHOD" missed="0" covered="1"/></method><method name="equals" desc="(Ljava/lang/Object;)Z" line="1623"><counter type="INSTRUCTION" missed="4" covered="133"/><counter type="BRANCH" missed="5" covered="43"/><counter type="LINE" missed="2" covered="12"/><counter type="COMPLEXITY" missed="5" covered="20"/><counter type="METHOD" missed="0" covered="1"/></method><method name="escape" desc="(CLjava/lang/Appendable;)V" line="1646"><counter type="INSTRUCTION" missed="0" covered="11"/><counter type="LINE" missed="0" covered="3"/><counter type="COMPLEXITY" missed="0" covered="1"/><counter type="METHOD" missed="0" covered="1"/></method><method name="format" desc="([Ljava/lang/Object;)Ljava/lang/String;" line="1657"><counter type="INSTRUCTION" missed="0" covered="6"/><counter type="LINE" missed="0" covered="1"/><counter type="COMPLEXITY" missed="0" covered="1"/><counter type="METHOD" missed="0" covered="1"/></method><method name="format_" desc="([Ljava/lang/Object;)Ljava/lang/String;" line="1661"><counter type="INSTRUCTION" missed="0" covered="38"/><counter type="BRANCH" missed="0" covered="2"/><counter type="LINE" missed="0" covered="6"/><counter type="COMPLEXITY" missed="0" covered="2"/><counter type="METHOD" missed="0" covered="1"/></method><method name="getAllowDuplicateHeaderNames" desc="()Z" line="1679"><counter type="INSTRUCTION" missed="0" covered="8"/><counter type="BRANCH" missed="0" covered="2"/><counter type="LINE" missed="0" covered="1"/><counter type="COMPLEXITY" missed="0" covered="2"/><counter type="METHOD" missed="0" covered="1"/></method><method name="getAllowMissingColumnNames" desc="()Z" line="1688"><counter type="INSTRUCTION" missed="0" covered="3"/><counter type="LINE" missed="0" covered="1"/><counter type="COMPLEXITY" missed="0" covered="1"/><counter type="METHOD" missed="0" covered="1"/></method><method name="getAutoFlush" desc="()Z" line="1698"><counter type="INSTRUCTION" missed="0" covered="3"/><counter type="LINE" missed="0" covered="1"/><counter type="COMPLEXITY" missed="0" covered="1"/><counter type="METHOD" missed="0" covered="1"/></method><method name="getCommentMarker" desc="()Ljava/lang/Character;" line="1734"><counter type="INSTRUCTION" missed="0" covered="3"/><counter type="LINE" missed="0" covered="1"/><counter type="COMPLEXITY" missed="0" covered="1"/><counter type="METHOD" missed="0" covered="1"/></method><method name="getDelimiter" desc="()C" line="1745"><counter type="INSTRUCTION" missed="0" covered="5"/><counter type="LINE" missed="0" covered="1"/><counter type="COMPLEXITY" missed="0" covered="1"/><counter type="METHOD" missed="0" covered="1"/></method><method name="getDelimiterCharArray" desc="()[C" line="1754"><counter type="INSTRUCTION" missed="0" covered="4"/><counter type="LINE" missed="0" covered="1"/><counter type="COMPLEXITY" missed="0" covered="1"/><counter type="METHOD" missed="0" covered="1"/></method><method name="getDelimiterString" desc="()Ljava/lang/String;" line="1764"><counter type="INSTRUCTION" missed="0" covered="3"/><counter type="LINE" missed="0" covered="1"/><counter type="COMPLEXITY" missed="0" covered="1"/><counter type="METHOD" missed="0" covered="1"/></method><method name="getDuplicateHeaderMode" desc="()Lorg/apache/commons/csv/DuplicateHeaderMode;" line="1774"><counter type="INSTRUCTION" missed="0" covered="3"/><counter type="LINE" missed="0" covered="1"/><counter type="COMPLEXITY" missed="0" covered="1"/><counter type="METHOD" missed="0" covered="1"/></method><method name="getEscapeChar" desc="()C" line="1783"><counter type="INSTRUCTION" missed="1" covered="8"/><counter type="BRANCH" missed="1" covered="1"/><counter type="LINE" missed="0" covered="1"/><counter type="COMPLEXITY" missed="1" covered="1"/><counter type="METHOD" missed="0" covered="1"/></method><method name="getEscapeCharacter" desc="()Ljava/lang/Character;" line="1792"><counter type="INSTRUCTION" missed="0" covered="3"/><counter type="LINE" missed="0" covered="1"/><counter type="COMPLEXITY" missed="0" covered="1"/><counter type="METHOD" missed="0" covered="1"/></method><method name="getHeader" desc="()[Ljava/lang/String;" line="1801"><counter type="INSTRUCTION" missed="0" covered="10"/><counter type="BRANCH" missed="0" covered="2"/><counter type="LINE" missed="0" covered="1"/><counter type="COMPLEXITY" missed="0" covered="2"/><counter type="METHOD" missed="0" covered="1"/></method><method name="getHeaderComments" desc="()[Ljava/lang/String;" line="1837"><counter type="INSTRUCTION" missed="0" covered="10"/><counter type="BRANCH" missed="0" covered="2"/><counter type="LINE" missed="0" covered="1"/><counter type="COMPLEXITY" missed="0" covered="2"/><counter type="METHOD" missed="0" covered="1"/></method><method name="getIgnoreEmptyLines" desc="()Z" line="1846"><counter type="INSTRUCTION" missed="0" covered="3"/><counter type="LINE" missed="0" covered="1"/><counter type="COMPLEXITY" missed="0" covered="1"/><counter type="METHOD" missed="0" covered="1"/></method><method name="getIgnoreHeaderCase" desc="()Z" line="1856"><counter type="INSTRUCTION" missed="0" covered="3"/><counter type="LINE" missed="0" covered="1"/><counter type="COMPLEXITY" missed="0" covered="1"/><counter type="METHOD" missed="0" covered="1"/></method><method name="getIgnoreSurroundingSpaces" desc="()Z" line="1865"><counter type="INSTRUCTION" missed="0" covered="3"/><counter type="LINE" missed="0" covered="1"/><counter type="COMPLEXITY" missed="0" covered="1"/><counter type="METHOD" missed="0" covered="1"/></method><method name="getLenientEof" desc="()Z" line="1875"><counter type="INSTRUCTION" missed="0" covered="3"/><counter type="LINE" missed="0" covered="1"/><counter type="COMPLEXITY" missed="0" covered="1"/><counter type="METHOD" missed="0" covered="1"/></method><method name="getNullString" desc="()Ljava/lang/String;" line="1888"><counter type="INSTRUCTION" missed="0" covered="3"/><counter type="LINE" missed="0" covered="1"/><counter type="COMPLEXITY" missed="0" covered="1"/><counter type="METHOD" missed="0" covered="1"/></method><method name="getQuoteCharacter" desc="()Ljava/lang/Character;" line="1897"><counter type="INSTRUCTION" missed="0" covered="3"/><counter type="LINE" missed="0" covered="1"/><counter type="COMPLEXITY" missed="0" covered="1"/><counter type="METHOD" missed="0" covered="1"/></method><method name="getQuoteMode" desc="()Lorg/apache/commons/csv/QuoteMode;" line="1906"><counter type="INSTRUCTION" missed="0" covered="3"/><counter type="LINE" missed="0" covered="1"/><counter type="COMPLEXITY" missed="0" covered="1"/><counter type="METHOD" missed="0" covered="1"/></method><method name="getRecordSeparator" desc="()Ljava/lang/String;" line="1915"><counter type="INSTRUCTION" missed="0" covered="3"/><counter type="LINE" missed="0" covered="1"/><counter type="COMPLEXITY" missed="0" covered="1"/><counter type="METHOD" missed="0" covered="1"/></method><method name="getSkipHeaderRecord" desc="()Z" line="1924"><counter type="INSTRUCTION" missed="0" covered="3"/><counter type="LINE" missed="0" covered="1"/><counter type="COMPLEXITY" missed="0" covered="1"/><counter type="METHOD" missed="0" covered="1"/></method><method name="getTrailingData" desc="()Z" line="1934"><counter type="INSTRUCTION" missed="0" covered="3"/><counter type="LINE" missed="0" covered="1"/><counter type="COMPLEXITY" missed="0" covered="1"/><counter type="METHOD" missed="0" covered="1"/></method><method name="getTrailingDelimiter" desc="()Z" line="1944"><counter type="INSTRUCTION" missed="0" covered="3"/><counter type="LINE" missed="0" covered="1"/><counter type="COMPLEXITY" missed="0" covered="1"/><counter type="METHOD" missed="0" covered="1"/></method><method name="getTrim" desc="()Z" line="1954"><counter type="INSTRUCTION" missed="0" covered="3"/><counter type="LINE" missed="0" covered="1"/><counter type="COMPLEXITY" missed="0" covered="1"/><counter type="METHOD" missed="0" covered="1"/></method><method name="hashCode" desc="()I" line="1959"><counter type="INSTRUCTION" missed="0" covered="135"/><counter type="LINE" missed="0" covered="8"/><counter type="COMPLEXITY" missed="0" covered="1"/><counter type="METHOD" missed="0" covered="1"/></method><method name="isCommentMarkerSet" desc="()Z" line="1977"><counter type="INSTRUCTION" missed="0" covered="7"/><counter type="BRANCH" missed="0" covered="2"/><counter type="LINE" missed="0" covered="1"/><counter type="COMPLEXITY" missed="0" covered="2"/><counter type="METHOD" missed="0" covered="1"/></method><method name="isDelimiter" desc="(CLjava/lang/CharSequence;I[CI)Z" line="1996"><counter type="INSTRUCTION" missed="0" covered="37"/><counter type="BRANCH" missed="0" covered="8"/><counter type="LINE" missed="0" covered="9"/><counter type="COMPLEXITY" missed="0" covered="5"/><counter type="METHOD" missed="0" covered="1"/></method><method name="isEscapeCharacterSet" desc="()Z" line="2017"><counter type="INSTRUCTION" missed="0" covered="7"/><counter type="BRANCH" missed="0" covered="2"/><counter type="LINE" missed="0" covered="1"/><counter type="COMPLEXITY" missed="0" covered="2"/><counter type="METHOD" missed="0" covered="1"/></method><method name="isNullStringSet" desc="()Z" line="2026"><counter type="INSTRUCTION" missed="0" covered="7"/><counter type="BRANCH" missed="0" covered="2"/><counter type="LINE" missed="0" covered="1"/><counter type="COMPLEXITY" missed="0" covered="2"/><counter type="METHOD" missed="0" covered="1"/></method><method name="isQuoteCharacterSet" desc="()Z" line="2035"><counter type="INSTRUCTION" missed="0" covered="7"/><counter type="BRANCH" missed="0" covered="2"/><counter type="LINE" missed="0" covered="1"/><counter type="COMPLEXITY" missed="0" covered="2"/><counter type="METHOD" missed="0" covered="1"/></method><method name="parse" desc="(Ljava/io/Reader;)Lorg/apache/commons/csv/CSVParser;" line="2050"><counter type="INSTRUCTION" missed="0" covered="6"/><counter type="LINE" missed="0" covered="1"/><counter type="COMPLEXITY" missed="0" covered="1"/><counter type="METHOD" missed="0" covered="1"/></method><method name="print" desc="(Ljava/lang/Appendable;)Lorg/apache/commons/csv/CSVPrinter;" line="2065"><counter type="INSTRUCTION" missed="0" covered="6"/><counter type="LINE" missed="0" covered="1"/><counter type="COMPLEXITY" missed="0" covered="1"/><counter type="METHOD" missed="0" covered="1"/></method><method name="print" desc="(Ljava/io/File;Ljava/nio/charset/Charset;)Lorg/apache/commons/csv/CSVPrinter;" line="2084"><counter type="INSTRUCTION" missed="0" covered="13"/><counter type="LINE" missed="0" covered="1"/><counter type="COMPLEXITY" missed="0" covered="1"/><counter type="METHOD" missed="0" covered="1"/></method><method name="print" desc="(Ljava/io/InputStream;Ljava/lang/Appendable;Z)V" line="2090"><counter type="INSTRUCTION" missed="0" covered="41"/><counter type="BRANCH" missed="3" covered="3"/><counter type="LINE" missed="0" covered="10"/><counter type="COMPLEXITY" missed="3" covered="1"/><counter type="METHOD" missed="0" covered="1"/></method><method name="print" desc="(Ljava/lang/Object;Ljava/lang/Appendable;Z)V" line="2121"><counter type="INSTRUCTION" missed="0" covered="66"/><counter type="BRANCH" missed="0" covered="14"/><counter type="LINE" missed="0" covered="18"/><counter type="COMPLEXITY" missed="0" covered="8"/><counter type="METHOD" missed="0" covered="1"/></method><method name="print" desc="(Ljava/lang/Object;Ljava/lang/CharSequence;Ljava/lang/Appendable;Z)V" line="2146"><counter type="INSTRUCTION" missed="0" covered="44"/><counter type="BRANCH" missed="0" covered="8"/><counter type="LINE" missed="0" covered="12"/><counter type="COMPLEXITY" missed="0" covered="5"/><counter type="METHOD" missed="0" covered="1"/></method><method name="print" desc="(Ljava/nio/file/Path;Ljava/nio/charset/Charset;)Lorg/apache/commons/csv/CSVPrinter;" line="2179"><counter type="INSTRUCTION" missed="0" covered="8"/><counter type="LINE" missed="0" covered="1"/><counter type="COMPLEXITY" missed="0" covered="1"/><counter type="METHOD" missed="0" covered="1"/></method><method name="print" desc="(Ljava/io/Reader;Ljava/lang/Appendable;Z)V" line="2184"><counter type="INSTRUCTION" missed="0" covered="37"/><counter type="BRANCH" missed="0" covered="8"/><counter type="LINE" missed="0" covered="10"/><counter type="COMPLEXITY" missed="0" covered="5"/><counter type="METHOD" missed="0" covered="1"/></method><method name="printer" desc="()Lorg/apache/commons/csv/CSVPrinter;" line="2210"><counter type="INSTRUCTION" missed="0" covered="6"/><counter type="LINE" missed="0" covered="1"/><counter type="COMPLEXITY" missed="0" covered="1"/><counter type="METHOD" missed="0" covered="1"/></method><method name="println" desc="(Ljava/lang/Appendable;)V" line="2221"><counter type="INSTRUCTION" missed="0" covered="17"/><counter type="BRANCH" missed="0" covered="4"/><counter type="LINE" missed="0" covered="5"/><counter type="COMPLEXITY" missed="0" covered="3"/><counter type="METHOD" missed="0" covered="1"/></method><method name="printRecord" desc="(Ljava/lang/Appendable;[Ljava/lang/Object;)V" line="2243"><counter type="INSTRUCTION" missed="0" covered="23"/><counter type="BRANCH" missed="0" covered="4"/><counter type="LINE" missed="0" covered="4"/><counter type="COMPLEXITY" missed="0" covered="3"/><counter type="METHOD" missed="0" covered="1"/></method><method name="printWithEscapes" desc="(Ljava/lang/CharSequence;Ljava/lang/Appendable;)V" line="2253"><counter type="INSTRUCTION" missed="0" covered="108"/><counter type="BRANCH" missed="0" covered="26"/><counter type="LINE" missed="0" covered="29"/><counter type="COMPLEXITY" missed="0" covered="14"/><counter type="METHOD" missed="0" covered="1"/></method><method name="printWithEscapes" desc="(Ljava/io/Reader;Ljava/lang/Appendable;)V" line="2296"><counter type="INSTRUCTION" missed="8" covered="141"/><counter type="BRANCH" missed="1" covered="25"/><counter type="LINE" missed="1" covered="33"/><counter type="COMPLEXITY" missed="1" covered="13"/><counter type="METHOD" missed="0" covered="1"/></method><method name="printWithQuotes" desc="(Ljava/lang/Object;Ljava/lang/CharSequence;Ljava/lang/Appendable;Z)V" line="2346"><counter type="INSTRUCTION" missed="12" covered="179"/><counter type="BRANCH" missed="1" covered="42"/><counter type="LINE" missed="1" covered="53"/><counter type="COMPLEXITY" missed="1" covered="23"/><counter type="METHOD" missed="0" covered="1"/></method><method name="printWithQuotes" desc="(Ljava/io/Reader;Ljava/lang/Appendable;)V" line="2451"><counter type="INSTRUCTION" missed="0" covered="41"/><counter type="BRANCH" missed="0" covered="6"/><counter type="LINE" missed="0" covered="11"/><counter type="COMPLEXITY" missed="0" covered="4"/><counter type="METHOD" missed="0" covered="1"/></method><method name="toString" desc="()Ljava/lang/String;" line="2472"><counter type="INSTRUCTION" missed="0" covered="170"/><counter type="BRANCH" missed="1" covered="21"/><counter type="LINE" missed="0" covered="34"/><counter type="COMPLEXITY" missed="1" covered="11"/><counter type="METHOD" missed="0" covered="1"/></method><method name="trim" desc="(Ljava/lang/String;)Ljava/lang/String;" line="2520"><counter type="INSTRUCTION" missed="0" covered="8"/><counter type="BRANCH" missed="0" covered="2"/><counter type="LINE" missed="0" covered="1"/><counter type="COMPLEXITY" missed="0" covered="2"/><counter type="METHOD" missed="0" covered="1"/></method><method name="validate" desc="()V" line="2533"><counter type="INSTRUCTION" missed="0" covered="223"/><counter type="BRANCH" missed="0" covered="44"/><counter type="LINE" missed="0" covered="25"/><counter type="COMPLEXITY" missed="0" covered="23"/><counter type="METHOD" missed="0" covered="1"/></method><method name="withAllowDuplicateHeaderNames" desc="()Lorg/apache/commons/csv/CSVFormat;" line="2581"><counter type="INSTRUCTION" missed="0" covered="6"/><counter type="LINE" missed="0" covered="1"/><counter type="COMPLEXITY" missed="0" covered="1"/><counter type="METHOD" missed="0" covered="1"/></method><method name="withAllowDuplicateHeaderNames" desc="(Z)Lorg/apache/commons/csv/CSVFormat;" line="2594"><counter type="INSTRUCTION" missed="0" covered="12"/><counter type="BRANCH" missed="0" covered="2"/><counter type="LINE" missed="0" covered="2"/><counter type="COMPLEXITY" missed="0" covered="2"/><counter type="METHOD" missed="0" covered="1"/></method><method name="withAllowMissingColumnNames" desc="()Lorg/apache/commons/csv/CSVFormat;" line="2608"><counter type="INSTRUCTION" missed="0" covered="6"/><counter type="LINE" missed="0" covered="1"/><counter type="COMPLEXITY" missed="0" covered="1"/><counter type="METHOD" missed="0" covered="1"/></method><method name="withAllowMissingColumnNames" desc="(Z)Lorg/apache/commons/csv/CSVFormat;" line="2621"><counter type="INSTRUCTION" missed="0" covered="6"/><counter type="LINE" missed="0" covered="1"/><counter type="COMPLEXITY" missed="0" covered="1"/><counter type="METHOD" missed="0" covered="1"/></method><method name="withAutoFlush" desc="(Z)Lorg/apache/commons/csv/CSVFormat;" line="2635"><counter type="INSTRUCTION" missed="0" covered="6"/><counter type="LINE" missed="0" covered="1"/><counter type="COMPLEXITY" missed="0" covered="1"/><counter type="METHOD" missed="0" covered="1"/></method><method name="withCommentMarker" desc="(C)Lorg/apache/commons/csv/CSVFormat;" line="2650"><counter type="INSTRUCTION" missed="0" covered="6"/><counter type="LINE" missed="0" covered="1"/><counter type="COMPLEXITY" missed="0" covered="1"/><counter type="METHOD" missed="0" covered="1"/></method><method name="withCommentMarker" desc="(Ljava/lang/Character;)Lorg/apache/commons/csv/CSVFormat;" line="2665"><counter type="INSTRUCTION" missed="0" covered="6"/><counter type="LINE" missed="0" covered="1"/><counter type="COMPLEXITY" missed="0" covered="1"/><counter type="METHOD" missed="0" covered="1"/></method><method name="withDelimiter" desc="(C)Lorg/apache/commons/csv/CSVFormat;" line="2678"><counter type="INSTRUCTION" missed="0" covered="6"/><counter type="LINE" missed="0" covered="1"/><counter type="COMPLEXITY" missed="0" covered="1"/><counter type="METHOD" missed="0" covered="1"/></method><method name="withEscape" desc="(C)Lorg/apache/commons/csv/CSVFormat;" line="2691"><counter type="INSTRUCTION" missed="0" covered="6"/><counter type="LINE" missed="0" covered="1"/><counter type="COMPLEXITY" missed="0" covered="1"/><counter type="METHOD" missed="0" covered="1"/></method><method name="withEscape" desc="(Ljava/lang/Character;)Lorg/apache/commons/csv/CSVFormat;" line="2704"><counter type="INSTRUCTION" missed="0" covered="6"/><counter type="LINE" missed="0" covered="1"/><counter type="COMPLEXITY" missed="0" covered="1"/><counter type="METHOD" missed="0" covered="1"/></method><method name="withFirstRecordAsHeader" desc="()Lorg/apache/commons/csv/CSVFormat;" line="2727"><counter type="INSTRUCTION" missed="0" covered="9"/><counter type="LINE" missed="0" covered="4"/><counter type="COMPLEXITY" missed="0" covered="1"/><counter type="METHOD" missed="0" covered="1"/></method><method name="withHeader" desc="(Ljava/lang/Class;)Lorg/apache/commons/csv/CSVFormat;" line="2761"><counter type="INSTRUCTION" missed="0" covered="6"/><counter type="LINE" missed="0" covered="1"/><counter type="COMPLEXITY" missed="0" covered="1"/><counter type="METHOD" missed="0" covered="1"/></method><method name="withHeader" desc="(Ljava/sql/ResultSet;)Lorg/apache/commons/csv/CSVFormat;" line="2789"><counter type="INSTRUCTION" missed="0" covered="6"/><counter type="LINE" missed="0" covered="1"/><counter type="COMPLEXITY" missed="0" covered="1"/><counter type="METHOD" missed="0" covered="1"/></method><method name="withHeader" desc="(Ljava/sql/ResultSetMetaData;)Lorg/apache/commons/csv/CSVFormat;" line="2817"><counter type="INSTRUCTION" missed="0" covered="6"/><counter type="LINE" missed="0" covered="1"/><counter type="COMPLEXITY" missed="0" covered="1"/><counter type="METHOD" missed="0" covered="1"/></method><method name="withHeader" desc="([Ljava/lang/String;)Lorg/apache/commons/csv/CSVFormat;" line="2844"><counter type="INSTRUCTION" missed="0" covered="6"/><counter type="LINE" missed="0" covered="1"/><counter type="COMPLEXITY" missed="0" covered="1"/><counter type="METHOD" missed="0" covered="1"/></method><method name="withHeaderComments" desc="([Ljava/lang/Object;)Lorg/apache/commons/csv/CSVFormat;" line="2863"><counter type="INSTRUCTION" missed="0" covered="6"/><counter type="LINE" missed="0" covered="1"/><counter type="COMPLEXITY" missed="0" covered="1"/><counter type="METHOD" missed="0" covered="1"/></method><method name="withIgnoreEmptyLines" desc="()Lorg/apache/commons/csv/CSVFormat;" line="2876"><counter type="INSTRUCTION" missed="0" covered="6"/><counter type="LINE" missed="0" covered="1"/><counter type="COMPLEXITY" missed="0" covered="1"/><counter type="METHOD" missed="0" covered="1"/></method><method name="withIgnoreEmptyLines" desc="(Z)Lorg/apache/commons/csv/CSVFormat;" line="2889"><counter type="INSTRUCTION" missed="0" covered="6"/><counter type="LINE" missed="0" covered="1"/><counter type="COMPLEXITY" missed="0" covered="1"/><counter type="METHOD" missed="0" covered="1"/></method><method name="withIgnoreHeaderCase" desc="()Lorg/apache/commons/csv/CSVFormat;" line="2902"><counter type="INSTRUCTION" missed="0" covered="6"/><counter type="LINE" missed="0" covered="1"/><counter type="COMPLEXITY" missed="0" covered="1"/><counter type="METHOD" missed="0" covered="1"/></method><method name="withIgnoreHeaderCase" desc="(Z)Lorg/apache/commons/csv/CSVFormat;" line="2915"><counter type="INSTRUCTION" missed="0" covered="6"/><counter type="LINE" missed="0" covered="1"/><counter type="COMPLEXITY" missed="0" covered="1"/><counter type="METHOD" missed="0" covered="1"/></method><method name="withIgnoreSurroundingSpaces" desc="()Lorg/apache/commons/csv/CSVFormat;" line="2928"><counter type="INSTRUCTION" missed="0" covered="6"/><counter type="LINE" missed="0" covered="1"/><counter type="COMPLEXITY" missed="0" covered="1"/><counter type="METHOD" missed="0" covered="1"/></method><method name="withIgnoreSurroundingSpaces" desc="(Z)Lorg/apache/commons/csv/CSVFormat;" line="2940"><counter type="INSTRUCTION" missed="0" covered="6"/><counter type="LINE" missed="0" covered="1"/><counter type="COMPLEXITY" missed="0" covered="1"/><counter type="METHOD" missed="0" covered="1"/></method><method name="withNullString" desc="(Ljava/lang/String;)Lorg/apache/commons/csv/CSVFormat;" line="2956"><counter type="INSTRUCTION" missed="0" covered="6"/><counter type="LINE" missed="0" covered="1"/><counter type="COMPLEXITY" missed="0" covered="1"/><counter type="METHOD" missed="0" covered="1"/></method><method name="withQuote" desc="(C)Lorg/apache/commons/csv/CSVFormat;" line="2969"><counter type="INSTRUCTION" missed="0" covered="6"/><counter type="LINE" missed="0" covered="1"/><counter type="COMPLEXITY" missed="0" covered="1"/><counter type="METHOD" missed="0" covered="1"/></method><method name="withQuote" desc="(Ljava/lang/Character;)Lorg/apache/commons/csv/CSVFormat;" line="2982"><counter type="INSTRUCTION" missed="0" covered="6"/><counter type="LINE" missed="0" covered="1"/><counter type="COMPLEXITY" missed="0" covered="1"/><counter type="METHOD" missed="0" covered="1"/></method><method name="withQuoteMode" desc="(Lorg/apache/commons/csv/QuoteMode;)Lorg/apache/commons/csv/CSVFormat;" line="2995"><counter type="INSTRUCTION" missed="0" covered="6"/><counter type="LINE" missed="0" covered="1"/><counter type="COMPLEXITY" missed="0" covered="1"/><counter type="METHOD" missed="0" covered="1"/></method><method name="withRecordSeparator" desc="(C)Lorg/apache/commons/csv/CSVFormat;" line="3012"><counter type="INSTRUCTION" missed="0" covered="6"/><counter type="LINE" missed="0" covered="1"/><counter type="COMPLEXITY" missed="0" covered="1"/><counter type="METHOD" missed="0" covered="1"/></method><method name="withRecordSeparator" desc="(Ljava/lang/String;)Lorg/apache/commons/csv/CSVFormat;" line="3030"><counter type="INSTRUCTION" missed="0" covered="6"/><counter type="LINE" missed="0" covered="1"/><counter type="COMPLEXITY" missed="0" covered="1"/><counter type="METHOD" missed="0" covered="1"/></method><method name="withSkipHeaderRecord" desc="()Lorg/apache/commons/csv/CSVFormat;" line="3044"><counter type="INSTRUCTION" missed="0" covered="6"/><counter type="LINE" missed="0" covered="1"/><counter type="COMPLEXITY" missed="0" covered="1"/><counter type="METHOD" missed="0" covered="1"/></method><method name="withSkipHeaderRecord" desc="(Z)Lorg/apache/commons/csv/CSVFormat;" line="3057"><counter type="INSTRUCTION" missed="0" covered="6"/><counter type="LINE" missed="0" covered="1"/><counter type="COMPLEXITY" missed="0" covered="1"/><counter type="METHOD" missed="0" covered="1"/></method><method name="withSystemRecordSeparator" desc="()Lorg/apache/commons/csv/CSVFormat;" line="3075"><counter type="INSTRUCTION" missed="0" covered="6"/><counter type="LINE" missed="0" covered="1"/><counter type="COMPLEXITY" missed="0" covered="1"/><counter type="METHOD" missed="0" covered="1"/></method><method name="withTrailingDelimiter" desc="()Lorg/apache/commons/csv/CSVFormat;" line="3087"><counter type="INSTRUCTION" missed="0" covered="6"/><counter type="LINE" missed="0" covered="1"/><counter type="COMPLEXITY" missed="0" covered="1"/><counter type="METHOD" missed="0" covered="1"/></method><method name="withTrailingDelimiter" desc="(Z)Lorg/apache/commons/csv/CSVFormat;" line="3100"><counter type="INSTRUCTION" missed="0" covered="6"/><counter type="LINE" missed="0" covered="1"/><counter type="COMPLEXITY" missed="0" covered="1"/><counter type="METHOD" missed="0" covered="1"/></method><method name="withTrim" desc="()Lorg/apache/commons/csv/CSVFormat;" line="3112"><counter type="INSTRUCTION" missed="0" covered="6"/><counter type="LINE" missed="0" covered="1"/><counter type="COMPLEXITY" missed="0" covered="1"/><counter type="METHOD" missed="0" covered="1"/></method><method name="withTrim" desc="(Z)Lorg/apache/commons/csv/CSVFormat;" line="3125"><counter type="INSTRUCTION" missed="0" covered="6"/><counter type="LINE" missed="0" covered="1"/><counter type="COMPLEXITY" missed="0" covered="1"/><counter type="METHOD" missed="0" covered="1"/></method><method name="lambda$format$1" desc="([Ljava/lang/Object;)Ljava/lang/String;" line="1657"><counter type="INSTRUCTION" missed="0" covered="4"/><counter type="LINE" missed="0" covered="1"/><counter type="COMPLEXITY" missed="0" covered="1"/><counter type="METHOD" missed="0" covered="1"/></method><method name="lambda$toStringArray$0" desc="([Ljava/lang/Object;I)Ljava/lang/String;" line="1425"><counter type="INSTRUCTION" missed="0" covered="6"/><counter type="LINE" missed="0" covered="1"/><counter type="COMPLEXITY" missed="0" covered="1"/><counter type="METHOD" missed="0" covered="1"/></method><method name="&lt;clinit&gt;" desc="()V" line="948"><counter type="INSTRUCTION" missed="0" covered="175"/><counter type="LINE" missed="0" covered="74"/><counter type="COMPLEXITY" missed="0" covered="1"/><counter type="METHOD" missed="0" covered="1"/></method><counter type="INSTRUCTION" missed="25" covered="2378"/><counter type="BRANCH" missed="12" covered="315"/><counter type="LINE" missed="4" covered="509"/><counter type="COMPLEXITY" missed="12" covered="261"/><counter type="METHOD" missed="0" covered="108"/><counter type="CLASS" missed="0" covered="1"/></class><class name="org/apache/commons/csv/CSVPrinter" sourcefilename="CSVPrinter.java"><method name="&lt;init&gt;" desc="(Ljava/lang/Appendable;Lorg/apache/commons/csv/CSVFormat;)V" line="84"><counter type="INSTRUCTION" missed="0" covered="56"/><counter type="BRANCH" missed="0" covered="8"/><counter type="LINE" missed="0" covered="13"/><counter type="COMPLEXITY" missed="0" covered="5"/><counter type="METHOD" missed="0" covered="1"/></method><method name="close" desc="()V" line="123"><counter type="INSTRUCTION" missed="0" covered="4"/><counter type="LINE" missed="0" covered="2"/><counter type="COMPLEXITY" missed="0" covered="1"/><counter type="METHOD" missed="0" covered="1"/></method><method name="close" desc="(Z)V" line="135"><counter type="INSTRUCTION" missed="0" covered="17"/><counter type="BRANCH" missed="0" covered="6"/><counter type="LINE" missed="0" covered="5"/><counter type="COMPLEXITY" missed="0" covered="4"/><counter type="METHOD" missed="0" covered="1"/></method><method name="flush" desc="()V" line="151"><counter type="INSTRUCTION" missed="0" covered="9"/><counter type="BRANCH" missed="0" covered="2"/><counter type="LINE" missed="0" covered="3"/><counter type="COMPLEX
[...]
"/><line nr="1888" mi="0" ci="3" mb="0" cb="0"/><line nr="1897" mi="0" ci="3" mb="0" cb="0"/><line nr="1906" mi="0" ci="3" mb="0" cb="0"/><line nr="1915" mi="0" ci="3" mb="0" cb="0"/><line nr="1924" mi="0" ci="3" mb="0" cb="0"/><line nr="1934" mi="0" ci="3" mb="0" cb="0"/><line nr="1944" mi="0" ci="3" mb="0" cb="0"/><line nr="1954" mi="0" ci="3" mb="0" cb="0"/><line nr="1959" mi="0" ci="2" mb="0" cb="0"/><line nr="1960" mi="0" ci="2" mb="0" cb="0"/><line nr="1961" mi="0" ci="8" mb="0" cb="0"/><line nr="1962" mi="0" ci="8" mb="0" cb="0"/><line nr="1963" mi="0" ci="44" mb="0" cb="0"/><line nr="1964" mi="0" ci="49" mb="0" cb="0"/><line nr="1965" mi="0" ci="20" mb="0" cb="0"/><line nr="1966" mi="0" ci="2" mb="0" cb="0"/><line nr="1977" mi="0" ci="7" mb="0" cb="2"/><line nr="1996" mi="0" ci="5" mb="0" cb="2"/><line nr="1997" mi="0" ci="2" mb="0" cb="0"/><line nr="1999" mi="0" ci="3" mb="0" cb="0"/><line nr="2000" mi="0" ci="5" mb="0" cb="2"/><line nr="2001" mi="0" ci="2" mb="0" cb="0"/><line nr="2003" mi="0" ci="7" mb="0" cb="2"/><line nr="2004" mi="0" ci="9" mb="0" cb="2"/><line nr="2005" mi="0" ci="2" mb="0" cb="0"/><line nr="2008" mi="0" ci="2" mb="0" cb="0"/><line nr="2017" mi="0" ci="7" mb="0" cb="2"/><line nr="2026" mi="0" ci="7" mb="0" cb="2"/><line nr="2035" mi="0" ci="7" mb="0" cb="2"/><line nr="2050" mi="0" ci="6" mb="0" cb="0"/><line nr="2065" mi="0" ci="6" mb="0" cb="0"/><line nr="2084" mi="0" ci="13" mb="0" cb="0"/><line nr="2090" mi="0" ci="2" mb="1" cb="1"/><line nr="2091" mi="0" ci="5" mb="0" cb="0"/><line nr="2093" mi="0" ci="3" mb="0" cb="0"/><line nr="2094" mi="0" ci="2" mb="1" cb="1"/><line nr="2095" mi="0" ci="6" mb="0" cb="0"/><line nr="2099" mi="0" ci="10" mb="0" cb="0"/><line nr="2100" mi="0" ci="4" mb="0" cb="0"/><line nr="2102" mi="0" ci="2" mb="1" cb="1"/><line nr="2103" mi="0" ci="6" mb="0" cb="0"/><line nr="2105" mi="0" ci="1" mb="0" cb="0"/><line nr="2121" mi="0" ci="2" mb="0" cb="2"/><line nr="2123" mi="0" ci="4" mb="0" cb="2"/><line nr="2124" mi="0" ci="3" mb="0" cb="0"/><line nr="2125" mi="0" ci="4" mb="0" cb="2"/><line nr="2126" mi="0" ci="4" mb="0" cb="0"/><line nr="2128" mi="0" ci="4" mb="0" cb="0"/><line nr="2130" mi="0" ci="3" mb="0" cb="2"/><line nr="2131" mi="0" ci="4" mb="0" cb="0"/><line nr="2132" mi="0" ci="3" mb="0" cb="2"/><line nr="2133" mi="0" ci="6" mb="0" cb="0"/><line nr="2134" mi="0" ci="1" mb="0" cb="0"/><line nr="2135" mi="0" ci="3" mb="0" cb="2"/><line nr="2136" mi="0" ci="6" mb="0" cb="0"/><line nr="2137" mi="0" ci="1" mb="0" cb="0"/><line nr="2139" mi="0" ci="3" mb="0" cb="0"/><line nr="2141" mi="0" ci="8" mb="0" cb="2"/><line nr="2142" mi="0" ci="6" mb="0" cb="0"/><line nr="2143" mi="0" ci="1" mb="0" cb="0"/><line nr="2146" mi="0" ci="2" mb="0" cb="0"/><line nr="2147" mi="0" ci="3" mb="0" cb="0"/><line nr="2148" mi="0" ci="2" mb="0" cb="2"/><line nr="2149" mi="0" ci="5" mb="0" cb="0"/><line nr="2151" mi="0" ci="2" mb="0" cb="2"/><line nr="2152" mi="0" ci="5" mb="0" cb="0"/><line nr="2153" mi="0" ci="3" mb="0" cb="2"/><line nr="2155" mi="0" ci="7" mb="0" cb="0"/><line nr="2156" mi="0" ci="3" mb="0" cb="2"/><line nr="2157" mi="0" ci="5" mb="0" cb="0"/><line nr="2159" mi="0" ci="6" mb="0" cb="0"/><line nr="2161" mi="0" ci="1" mb="0" cb="0"/><line nr="2179" mi="0" ci="8" mb="0" cb="0"/><line nr="2184" mi="0" ci="2" mb="0" cb="2"/><line nr="2185" mi="0" ci="5" mb="0" cb="0"/><line nr="2187" mi="0" ci="3" mb="0" cb="2"/><line nr="2188" mi="0" ci="5" mb="0" cb="0"/><line nr="2189" mi="0" ci="3" mb="0" cb="2"/><line nr="2190" mi="0" ci="5" mb="0" cb="0"/><line nr="2191" mi="0" ci="3" mb="0" cb="2"/><line nr="2192" mi="0" ci="6" mb="0" cb="0"/><line nr="2194" mi="0" ci="4" mb="0" cb="0"/><line nr="2196" mi="0" ci="1" mb="0" cb="0"/><line nr="2210" mi="0" ci="6" mb="0" cb="0"/><line nr="2221" mi="0" ci="3" mb="0" cb="2"/><line nr="2222" mi="0" ci="5" mb="0" cb="0"/><line nr="2224" mi="0" ci="3" mb="0" cb="2"/><line nr="2225" mi="0" ci="5" mb="0" cb="0"/><line nr="2227" mi="0" ci="1" mb="0" cb="0"/><line nr="2243" mi="0" ci="8" mb="0" cb="2"/><line nr="2244" mi="0" ci="11" mb="0" cb="2"/><line nr="2246" mi="0" ci="3" mb="0" cb="0"/><line nr="2247" mi="0" ci="1" mb="0" cb="0"/><line nr="2253" mi="0" ci="2" mb="0" cb="0"/><line nr="2254" mi="0" ci="2" mb="0" cb="0"/><line nr="2255" mi="0" ci="3" mb="0" cb="0"/><line nr="2256" mi="0" ci="3" mb="0" cb="0"/><line nr="2257" mi="0" ci="3" mb="0" cb="0"/><line nr="2258" mi="0" ci="3" mb="0" cb="0"/><line nr="2259" mi="0" ci="3" mb="0" cb="2"/><line nr="2260" mi="0" ci="4" mb="0" cb="0"/><line nr="2261" mi="0" ci="8" mb="0" cb="0"/><line nr="2262" mi="0" ci="7" mb="0" cb="2"/><line nr="2263" mi="0" ci="7" mb="0" cb="2"/><line nr="2264" mi="0" ci="9" mb="0" cb="8"/><line nr="2266" mi="0" ci="3" mb="0" cb="2"/><line nr="2267" mi="0" ci="6" mb="0" cb="0"/><line nr="2269" mi="0" ci="2" mb="0" cb="2"/><line nr="2270" mi="0" ci="3" mb="0" cb="0"/><line nr="2271" mi="0" ci="2" mb="0" cb="2"/><line nr="2272" mi="0" ci="2" mb="0" cb="0"/><line nr="2274" mi="0" ci="4" mb="0" cb="0"/><line nr="2275" mi="0" ci="2" mb="0" cb="2"/><line nr="2276" mi="0" ci="7" mb="0" cb="2"/><line nr="2277" mi="0" ci="1" mb="0" cb="0"/><line nr="2278" mi="0" ci="6" mb="0" cb="0"/><line nr="2281" mi="0" ci="4" mb="0" cb="0"/><line nr="2283" mi="0" ci="1" mb="0" cb="0"/><line nr="2284" mi="0" ci="1" mb="0" cb="0"/><line nr="2287" mi="0" ci="3" mb="0" cb="2"/><line nr="2288" mi="0" ci="6" mb="0" cb="0"/><line nr="2290" mi="0" ci="1" mb="0" cb="0"/><line nr="2296" mi="0" ci="2" mb="0" cb="0"/><line nr="2297" mi="0" ci="2" mb="0" cb="0"/><line nr="2299" mi="0" ci="5" mb="0" cb="0"/><line nr="2300" mi="0" ci="3" mb="0" cb="0"/><line nr="2301" mi="0" ci="3" mb="0" cb="0"/><line nr="2302" mi="0" ci="3" mb="0" cb="0"/><line nr="2303" mi="0" ci="5" mb="0" cb="0"/><line nr="2305" mi="0" ci="5" mb="0" cb="0"/><line nr="2306" mi="0" ci="6" mb="0" cb="2"/><line nr="2307" mi="0" ci="5" mb="0" cb="0"/><line nr="2308" mi="0" ci="3" mb="0" cb="0"/><line nr="2309" mi="0" ci="15" mb="0" cb="0"/><line nr="2310" mi="0" ci="9" mb="0" cb="0"/><line nr="2311" mi="0" ci="7" mb="0" cb="2"/><line nr="2312" mi="0" ci="7" mb="0" cb="2"/><line nr="2313" mi="0" ci="9" mb="0" cb="8"/><line nr="2315" mi="0" ci="3" mb="0" cb="2"/><line nr="2316" mi="0" ci="7" mb="0" cb="0"/><line nr="2317" mi="0" ci="3" mb="0" cb="0"/><line nr="2318" mi="0" ci="2" mb="0" cb="0"/><line nr="2320" mi="0" ci="2" mb="0" cb="2"/><line nr="2321" mi="0" ci="3" mb="0" cb="0"/><line nr="2322" mi="0" ci="2" mb="0" cb="2"/><line nr="2323" mi="0" ci="2" mb="0" cb="0"/><line nr="2325" mi="0" ci="5" mb="0" cb="0"/><line nr="2326" mi="0" ci="2" mb="0" cb="2"/><line nr="2327" mi="2" ci="5" mb="1" cb="1"/><line nr="2328" mi="6" ci="0" mb="0" cb="0"/><line nr="2331" mi="0" ci="4" mb="0" cb="0"/><line nr="2333" mi="0" ci="1" mb="0" cb="0"/><line nr="2334" mi="0" ci="1" mb="0" cb="0"/><line nr="2336" mi="0" ci="3" mb="0" cb="2"/><line nr="2337" mi="0" ci="6" mb="0" cb="0"/><line nr="2339" mi="0" ci="1" mb="0" cb="0"/><line nr="2346" mi="0" ci="2" mb="0" cb="0"/><line nr="2347" mi="0" ci="2" mb="0" cb="0"/><line nr="2348" mi="0" ci="2" mb="0" cb="0"/><line nr="2349" mi="0" ci="3" mb="0" cb="0"/><line nr="2350" mi="0" ci="3" mb="0" cb="0"/><line nr="2351" mi="0" ci="3" mb="0" cb="0"/><line nr="2352" mi="0" ci="4" mb="0" cb="0"/><line nr="2356" mi="0" ci="8" mb="0" cb="2"/><line nr="2357" mi="0" ci="3" mb="0" cb="0"/><line nr="2358" mi="0" ci="2" mb="0" cb="2"/><line nr="2359" mi="0" ci="2" mb="0" cb="0"/><line nr="2361" mi="0" ci="5" mb="1" cb="4"/><line nr="2364" mi="0" ci="2" mb="0" cb="0"/><line nr="2365" mi="0" ci="1" mb="0" cb="0"/><line nr="2367" mi="0" ci="7" mb="0" cb="2"/><line nr="2368" mi="0" ci="1" mb="0" cb="0"/><line nr="2371" mi="0" ci="4" mb="0" cb="0"/><line nr="2372" mi="0" ci="1" mb="0" cb="0"/><line nr="2374" mi="0" ci="2" mb="0" cb="2"/><line nr="2379" mi="0" ci="2" mb="0" cb="2"/><line nr="2380" mi="0" ci="3" mb="0" cb="0"/><line nr="2383" mi="0" ci="4" mb="0" cb="0"/><line nr="2384" mi="0" ci="3" mb="0" cb="2"/><line nr="2388" mi="0" ci="3" mb="0" cb="0"/><line nr="2390" mi="0" ci="3" mb="0" cb="2"/><line nr="2391" mi="0" ci="4" mb="0" cb="0"/><line nr="2392" mi="0" ci="20" mb="0" cb="10"/><line nr="2393" mi="0" ci="2" mb="0" cb="0"/><line nr="2394" mi="0" ci="1" mb="0" cb="0"/><line nr="2396" mi="0" ci="2" mb="0" cb="0"/><line nr="2399" mi="0" ci="2" mb="0" cb="2"/><line nr="2400" mi="0" ci="4" mb="0" cb="0"/><line nr="2401" mi="0" ci="4" mb="0" cb="0"/><line nr="2404" mi="0" ci="3" mb="0" cb="2"/><line nr="2405" mi="0" ci="2" mb="0" cb="0"/><line nr="2410" mi="0" ci="2" mb="0" cb="2"/><line nr="2412" mi="0" ci="6" mb="0" cb="0"/><line nr="2413" mi="0" ci="1" mb="0" cb="0"/><line nr="2417" mi="12" ci="0" mb="0" cb="0"/><line nr="2419" mi="0" ci="2" mb="0" cb="2"/><line nr="2421" mi="0" ci="6" mb="0" cb="0"/><line nr="2422" mi="0" ci="1" mb="0" cb="0"/><line nr="2425" mi="0" ci="4" mb="0" cb="0"/><line nr="2428" mi="0" ci="3" mb="0" cb="2"/><line nr="2429" mi="0" ci="4" mb="0" cb="0"/><line nr="2430" mi="0" ci="6" mb="0" cb="4"/><line nr="2432" mi="0" ci="6" mb="0" cb="0"/><line nr="2433" mi="0" ci="4" mb="0" cb="0"/><line nr="2434" mi="0" ci="2" mb="0" cb="0"/><line nr="2436" mi="0" ci="1" mb="0" cb="0"/><line nr="2437" mi="0" ci="1" mb="0" cb="0"/><line nr="2439" mi="0" ci="6" mb="0" cb="0"/><line nr="2440" mi="0" ci="4" mb="0" cb="0"/><line nr="2441" mi="0" ci="1" mb="0" cb="0"/><line nr="2451" mi="0" ci="4" mb="0" cb="2"/><line nr="2452" mi="0" ci="4" mb="0" cb="0"/><line nr="2453" mi="0" ci="1" mb="0" cb="0"/><line nr="2455" mi="0" ci="4" mb="0" cb="0"/><line nr="2457" mi="0" ci="4" mb="0" cb="0"/><line nr="2460" mi="0" ci="6" mb="0" cb="2"/><line nr="2461" mi="0" ci="5" mb="0" cb="0"/><line nr="2462" mi="0" ci="3" mb="0" cb="2"/><line nr="2463" mi="0" ci="5" mb="0" cb="0"/><line nr="2467" mi="0" ci="4" mb="0" cb="0"/><line nr="2468" mi="0" ci="1" mb="0" cb="0"/><line nr="2472" mi="0" ci="4" mb="0" cb="0"/><line nr="2473" mi="0" ci="9" mb="0" cb="0"/><line nr="2474" mi="0" ci="3" mb="0" cb="2"/><line nr="2475" mi="0" ci="4" mb="0" cb="0"/><line nr="2476" mi="0" ci="9" mb="0" cb="0"/><line nr="2478" mi="0" ci="3" mb="1" cb="1"/><line nr="2479" mi="0" ci="4" mb="0" cb="0"/><line nr="2480" mi="0" ci="9" mb="0" cb="0"/><line nr="2482" mi="0" ci="3" mb="0" cb="2"/><line nr="2483" mi="0" ci="4" mb="0" cb="0"/><line nr="2484" mi="0" ci="9" mb="0" cb="0"/><line nr="2486" mi="0" ci="3" mb="0" cb="2"/><line nr="2487" mi="0" ci="4" mb="0" cb="0"/><line nr="2488" mi="0" ci="9" mb="0" cb="0"/><line nr="2490" mi="0" ci="3" mb="0" cb="2"/><line nr="2491" mi="0" ci="4" mb="0" cb="0"/><line nr="2492" mi="0" ci="9" mb="0" cb="0"/><line nr="2494" mi="0" ci="3" mb="0" cb="2"/><line nr="2495" mi="0" ci="4" mb="0" cb="0"/><line nr="2496" mi="0" ci="9" mb="0" cb="0"/><line nr="2498" mi="0" ci="3" mb="0" cb="2"/><line nr="2499" mi="0" ci="4" mb="0" cb="0"/><line nr="2501" mi="0" ci="3" mb="0" cb="2"/><line nr="2502" mi="0" ci="4" mb="0" cb="0"/><line nr="2504" mi="0" ci="3" mb="0" cb="2"/><line nr="2505" mi="0" ci="4" mb="0" cb="0"/><line nr="2507" mi="0" ci="7" mb="0" cb="0"/><line nr="2508" mi="0" ci="3" mb="0" cb="2"/><line nr="2509" mi="0" ci="4" mb="0" cb="0"/><line nr="2510" mi="0" ci="8" mb="0" cb="0"/><line nr="2512" mi="0" ci="3" mb="0" cb="2"/><line nr="2513" mi="0" ci="4" mb="0" cb="0"/><line nr="2514" mi="0" ci="8" mb="0" cb="0"/><line nr="2516" mi="0" ci="3" mb="0" cb="0"/><line nr="2520" mi="0" ci="8" mb="0" cb="2"/><line nr="2533" mi="0" ci="4" mb="0" cb="2"/><line nr="2534" mi="0" ci="5" mb="0" cb="0"/><line nr="2536" mi="0" ci="10" mb="0" cb="4"/><line nr="2537" mi="0" ci="15" mb="0" cb="0"/><line nr="2539" mi="0" ci="10" mb="0" cb="4"/><line nr="2540" mi="0" ci="15" mb="0" cb="0"/><line nr="2542" mi="0" ci="10" mb="0" cb="4"/><line nr="2543" mi="0" ci="15" mb="0" cb="0"/><line nr="2545" mi="0" ci="9" mb="0" cb="4"/><line nr="2546" mi="0" ci="15" mb="0" cb="0"/><line nr="2548" mi="0" ci="9" mb="0" cb="4"/><line nr="2549" mi="0" ci="15" mb="0" cb="0"/><line nr="2551" mi="0" ci="7" mb="0" cb="4"/><line nr="2552" mi="0" ci="5" mb="0" cb="0"/><line nr="2555" mi="0" ci="7" mb="0" cb="4"/><line nr="2556" mi="0" ci="7" mb="0" cb="0"/><line nr="2557" mi="0" ci="8" mb="0" cb="2"/><line nr="2558" mi="0" ci="17" mb="0" cb="2"/><line nr="2559" mi="0" ci="3" mb="0" cb="0"/><line nr="2561" mi="0" ci="12" mb="0" cb="4"/><line nr="2562" mi="0" ci="6" mb="0" cb="6"/><line nr="2563" mi="0" ci="13" mb="0" cb="0"/><line nr="2564" mi="0" ci="3" mb="0" cb="0"/><line nr="2566" mi="0" ci="2" mb="0" cb="0"/><line nr="2570" mi="0" ci="1" mb="0" cb="0"/><line nr="2581" mi="0" ci="6" mb="0" cb="0"/><line nr="2594" mi="0" ci="6" mb="0" cb="2"/><line nr="2595" mi="0" ci="6" mb="0" cb="0"/><line nr="2608" mi="0" ci="6" mb="0" cb="0"/><line nr="2621" mi="0" ci="6" mb="0" cb="0"/><line nr="2635" mi="0" ci="6" mb="0" cb="0"/><line nr="2650" mi="0" ci="6" mb="0" cb="0"/><line nr="2665" mi="0" ci="6" mb="0" cb="0"/><line nr="2678" mi="0" ci="6" mb="0" cb="0"/><line nr="2691" mi="0" ci="6" mb="0" cb="0"/><line nr="2704" mi="0" ci="6" mb="0" cb="0"/><line nr="2727" mi="0" ci="5" mb="0" cb="0"/><line nr="2728" mi="0" ci="2" mb="0" cb="0"/><line nr="2729" mi="0" ci="1" mb="0" cb="0"/><line nr="2730" mi="0" ci="1" mb="0" cb="0"/><line nr="2761" mi="0" ci="6" mb="0" cb="0"/><line nr="2789" mi="0" ci="6" mb="0" cb="0"/><line nr="2817" mi="0" ci="6" mb="0" cb="0"/><line nr="2844" mi="0" ci="6" mb="0" cb="0"/><line nr="2863" mi="0" ci="6" mb="0" cb="0"/><line nr="2876" mi="0" ci="6" mb="0" cb="0"/><line nr="2889" mi="0" ci="6" mb="0" cb="0"/><line nr="2902" mi="0" ci="6" mb="0" cb="0"/><line nr="2915" mi="0" ci="6" mb="0" cb="0"/><line nr="2928" mi="0" ci="6" mb="0" cb="0"/><line nr="2940" mi="0" ci="6" mb="0" cb="0"/><line nr="2956" mi="0" ci="6" mb="0" cb="0"/><line nr="2969" mi="0" ci="6" mb="0" cb="0"/><line nr="2982" mi="0" ci="6" mb="0" cb="0"/><line nr="2995" mi="0" ci="6" mb="0" cb="0"/><line nr="3012" mi="0" ci="6" mb="0" cb="0"/><line nr="3030" mi="0" ci="6" mb="0" cb="0"/><line nr="3044" mi="0" ci="6" mb="0" cb="0"/><line nr="3057" mi="0" ci="6" mb="0" cb="0"/><line nr="3075" mi="0" ci="6" mb="0" cb="0"/><line nr="3087" mi="0" ci="6" mb="0" cb="0"/><line nr="3100" mi="0" ci="6" mb="0" cb="0"/><line nr="3112" mi="0" ci="6" mb="0" cb="0"/><line nr="3125" mi="0" ci="6" mb="0" cb="0"/><counter type="INSTRUCTION" missed="25" covered="2902"/><counter type="BRANCH" missed="12" covered="335"/><counter type="LINE" missed="4" covered="630"/><counter type="COMPLEXITY" missed="12" covered="309"/><counter type="METHOD" missed="0" covered="146"/><counter type="CLASS" missed="0" covered="3"/></sourcefile><sourcefile name="CSVPrinter.java"><line nr="84" mi="0" ci="3" mb="0" cb="0"/><line nr="102" mi="0" ci="2" mb="0" cb="0"/><line nr="103" mi="0" ci="4" mb="0" cb="0"/><line nr="104" mi="0" ci="4" mb="0" cb="0"/><line nr="106" mi="0" ci="3" mb="0" cb="0"/><line nr="107" mi="0" ci="4" mb="0" cb="0"/><line nr="110" mi="0" ci="3" mb="0" cb="0"/><line nr="111" mi="0" ci="2" mb="0" cb="2"/><line nr="112" mi="0" ci="16" mb="0" cb="2"/><line nr="113" mi="0" ci="3" mb="0" cb="0"/><line nr="116" mi="0" ci="6" mb="0" cb="4"/><line nr="117" mi="0" ci="5" mb="0" cb="0"/><line nr="119" mi="0" ci="1" mb="0" cb="0"/><line nr="123" mi="0" ci="3" mb="0" cb="0"/><line nr="124" mi="0" ci="1" mb="0" cb="0"/><line nr="135" mi="0" ci="6" mb="0" cb="4"/><line nr="136" mi="0" ci="2" mb="0" cb="0"/><line nr="138" mi="0" ci="4" mb="0" cb="2"/><line nr="139" mi="0" ci="4" mb="0" cb="0"/><line nr="141" mi="0" ci="1" mb="0" cb="0"/><line nr="151" mi="0" ci="4" mb="0" cb="2"/><line nr="152" mi="0" ci="4" mb="0" cb="0"/><line nr="154" mi="0" ci="1" mb="0" cb="0"/><line nr="162" mi="0" ci="3" mb="0" cb="0"/><line nr="174" mi="0" ci="8" mb="0" cb="0"/><line nr="175" mi="0" ci="3" mb="0" cb="0"/><line nr="176" mi="0" ci="1" mb="0" cb="0"/><line nr="200" mi="0" ci="6" mb="0" cb="4"/><line nr="201" mi="0" ci="1" mb="0" cb="0"/><line nr="203" mi="0" ci="3" mb="0" cb="2"/><line nr="204" mi="0" ci="2" mb="0" cb="0"/><line nr="206" mi="0" ci="8" mb="0" cb="0"/><line nr="207" mi="0" ci="5" mb="0" cb="0"/><line nr="208" mi="0" ci="8" mb="0" cb="2"/><line nr="209" mi="0" ci="4" mb="0" cb="0"/><line nr="210" mi="0" ci="2" mb="0" cb="3"/><line nr="212" mi="0" ci="13" mb="0" cb="4"/><line nr="213" mi="0" ci="1" mb="0" cb="0"/><line nr="217" mi="0" ci="2" mb="0" cb="0"/><line nr="218" mi="0" ci="8" mb="0" cb="0"/><line nr="219" mi="0" ci="5" mb="0" cb="0"/><line nr="220" mi="0" ci="1" mb="0" cb="0"/><line nr="222" mi="0" ci="5" mb="0" cb="0"/><line nr="226" mi="0" ci="2" mb="0" cb="0"/><line nr="227" mi="0" ci="1" mb="0" cb="0"/><line nr="238" mi="0" ci="10" mb="0" cb="0"/><line nr="239" mi="0" ci="1" mb="0" cb="0"/><line nr="248" mi="0" ci="5" mb="0" cb="0"/><line nr="249" mi="0" ci="3" mb="0" cb="0"/><line nr="250" mi="0" ci="1" mb="0" cb="0"/><line nr="267" mi="0" ci="5" mb="0" cb="0"/><line nr="268" mi="0" ci="2" mb="0" cb="0"/><line nr="269" mi="0" ci="1" mb="0" cb="0"/><line nr="285" mi="0" ci="4" mb="0" cb="0"/><line nr="286" mi="0" ci="1" mb="0" cb="0"/><line nr="304" mi="0" ci="5" mb="0" cb="0"/><line nr="305" mi="0" ci="2" mb="0" cb="0"/><line nr="306" mi="0" ci="1" mb="0" cb="0"/><line nr="309" mi="0" ci="3" mb="0" cb="2"/><line nr="310" mi="0" ci="6" mb="0" cb="0"/><line nr="311" mi="0" ci="3" mb="0" cb="2"/><line nr="312" mi="0" ci="5" mb="0" cb="0"/><line nr="314" mi="0" ci="8" mb="0" cb="0"/><line nr="316" mi="0" ci="1" mb="0" cb="0"/><line nr="359" mi="0" ci="5" mb="0" cb="0"/><line nr="360" mi="0" ci="1" mb="0" cb="0"/><line nr="402" mi="0" ci="4" mb="0" cb="0"/><line nr="403" mi="0" ci="1" mb="0" cb="0"/><line nr="416" mi="0" ci="4" mb="0" cb="0"/><line nr="417" mi="0" ci="3" mb="0" cb="2"/><line nr="418" mi="0" ci="7" mb="0" cb="2"/><line nr="419" mi="0" ci="4" mb="0" cb="0"/><line nr="420" mi="0" ci="3" mb="0" cb="2"/><line nr="421" mi="0" ci="6" mb="0" cb="0"/><line nr="422" mi="0" ci="3" mb="0" cb="0"/><line nr="423" mi="0" ci="1" mb="0" cb="0"/><line nr="424" mi="0" ci="3" mb="0" cb="2"/><line nr="425" mi="0" ci="6" mb="0" cb="0"/><line nr="426" mi="0" ci="3" mb="0" cb="0"/><line nr="427" mi="0" ci="1" mb="0" cb="0"/><line nr="429" mi="0" ci="3" mb="0" cb="0"/><line nr="432" mi="0" ci="3" mb="0" cb="0"/><line nr="434" mi="0" ci="1" mb="0" cb="0"/><line nr="446" mi="0" ci="2" mb="0" cb="2"/><line nr="447" mi="0" ci="3" mb="0" cb="0"/><line nr="449" mi="0" ci="3" mb="0" cb="0"/><line nr="450" mi="0" ci="1" mb="0" cb="0"/><line nr="495" mi="0" ci="5" mb="0" cb="0"/><line nr="496" mi="0" ci="1" mb="0" cb="0"/><counter type="INSTRUCTION" missed="0" covered="322"/><counter type="BRANCH" missed="0" covered="45"/><counter type="LINE" missed="0" covered="89"/><counter type="COMPLEXITY" missed="0" covered="41"/><counter type="METHOD" missed="0" covered="18"/><counter type="CLASS" missed="0" covered="1"/></sourcefile><sourcefile name="Constants.java"><line nr="41" mi="0" ci="3" mb="0" cb="0"/><line nr="45" mi="0" ci="4" mb="0" cb="0"/><counter type="INSTRUCTION" missed="0" covered="7"/><counter type="LINE" missed="0" covered="2"/><counter type="COMPLEXITY" missed="0" covered="1"/><counter type="METHOD" missed="0" covered="1"/><counter type="CLASS" missed="0" covered="1"/></sourcefile><counter type="INSTRUCTION" missed="55" covered="5409"/><counter type="BRANCH" missed="19" covered="705"/><counter type="LINE" missed="6" covered="1179"/><counter type="COMPLEXITY" missed="19" covered="612"/><counter type="METHOD" missed="0" covered="262"/><counter type="CLASS" missed="0" covered="15"/></package><counter type="INSTRUCTION" missed="55" covered="5409"/><counter type="BRANCH" missed="19" covered="705"/><counter type="LINE" missed="6" covered="1179"/><counter type="COMPLEXITY" missed="19" covered="612"/><counter type="METHOD" missed="0" covered="262"/><counter type="CLASS" missed="0" covered="15"/></report>